2017-01-26 13:31:56 [main] DEBUG org.hibernate.SQL - select this_.YWATT_COD_ATTIVITA_PK as YWATT1_23_0_, this_.YWATT_YWAVA_COD_AVA_PK as YWATT2_23_0_, this_.YWATT_YWSER_COD_SER_PK as YWATT3_23_0_, this_.YWATT_YWTCN_COD_TIPOCONT_PK as YWATT4_23_0_, this_.YWATT_COD_WBSCOGE as YWATT5_23_0_, this_.YWATT_COD_INTERVENTO as YWATT6_23_0_, this_.YWATT_DESCS_AREACONTR as YWATT7_23_0_, this_.YWATT_DESCS_AREAAPP as YWATT8_23_0_, this_.YWATT_DESCS_AREAINPS as YWATT9_23_0_, this_.YWATT_DENOM_AMBAPP as YWATT10_23_0_, this_.YWATT_COD_DIREZIONE as YWATT11_23_0_, this_.YWATT_DENOM_LINEAINT as YWATT12_23_0_, this_.YWATT_DESCS_AMBFUNZ as YWATT13_23_0_, this_.YWATT_COD_PIANOFORN as YWATT14_23_0_, this_.YWATT_COD_GECOSSU as YWATT15_23_0_, this_.YWATT_DESCS_NMSCHEDA as YWATT16_23_0_, this_.YWATT_DESCR_PROGETTO as YWATT17_23_0_, this_.YWATT_DENOM_RESPINPS as YWATT18_23_0_, this_.YWATT_DENOM_REFINPS as YWATT19_23_0_, this_.YWATT_DESCS_SERVIZIO as YWATT20_23_0_, this_.YWATT_DENOM_TIPSERV as YWATT21_23_0_, this_.YWATT_DENOM_CAPPRG as YWATT22_23_0_, this_.YWATT_DENOM_CAPPRGRIF as YWATT23_23_0_, this_.YWATT_COD_STATOLAV as YWATT24_23_0_, this_.YWATT_DATA_APERTSSU as YWATT25_23_0_, this_.YWATT_DATA_CHIUSSSU as YWATT26_23_0_, this_.YWATT_DATA_RIPIANWBS as YWATT27_23_0_, this_.YWATT_NUM_SEMATTIVAZ as YWATT28_23_0_, this_.YWATT_DATA_CONSRQPIAN as YWATT29_23_0_, this_.YWATT_DATA_CONSRQEFF as YWATT30_23_0_, this_.YWATT_DATA_COLLPIAN as YWATT31_23_0_, this_.YWATT_DATA_COLLEFF as YWATT32_23_0_, this_.YWATT_DATA_INIZCOLL as YWATT33_23_0_, this_.YWATT_DATA_FINECOLL as YWATT34_23_0_, this_.YWATT_DATA_AVVESEEFF as YWATT35_23_0_, this_.YWATT_COD_TIPOINT as YWATT36_23_0_, this_.YWATT_NOTE_TECNICHE as YWATT37_23_0_, this_.YWATT_NOTE_GENERALI as YWATT38_23_0_, this_.YWATT_DESCR_SCADIST as YWATT39_23_0_, this_.YWATT_NUM_ID as YWATT40_23_0_, this_.YWATT_NUM_PRIORITA as YWATT41_23_0_, this_.YWATT_DESCS_MACROATT as YWATT42_23_0_, this_.YWATT_DESCS_PRESCOGE as YWATT43_23_0_, this_.YWATT_DATA_SAL as YWATT44_23_0_, this_.YWATT_IMP_CONSUNTIVO as YWATT45_23_0_, this_.YWATT_PERC_FASECONS as YWATT46_23_0_, this_.YWATT_DATA_CREAZ as YWATT47_23_0_, this_.YWATT_DATA_UPDATE as YWATT48_23_0_, this_.YWATT_COD_USER as YWATT49_23_0_ from yw_ecl_esercizio.tb_ywatt_attivita_cl this_
 - 2017-01-26 13:31:56 [main] TRACE o.h.t.descriptor.sql.BasicExtractor - found [1] as column [YWATT1_23_0_]
 - 2017-01-26 13:31:56 [main] TRACE o.h.t.descriptor.sql.BasicExtractor - found [null] as column [YWATT2_23_0_]
 - 2017-01-26 13:31:56 [main] TRACE o.h.t.descriptor.sql.BasicExtractor - found [6] as column [YWATT3_23_0_]
 - 2017-01-26 13:31:56 [main] TRACE o.h.t.descriptor.sql.BasicExtractor - found [2] as column [YWATT4_23_0_]
 - 2017-01-26 13:31:56 [main] TRACE o.h.t.descriptor.sql.BasicExtractor - found [05.60.106] as column [YWATT5_23_0_]
 - 2017-01-26 13:31:56 [main] TRACE o.h.t.descriptor.sql.BasicExtractor - found [URC1.05.60.106] as column [YWATT6_23_0_]
 - 2017-01-26 13:31:56 [main] TRACE o.h.t.descriptor.sql.BasicExtractor - found [null] as column [YWATT7_23_0_]
 - 2017-01-26 13:31:56 [main] TRACE o.h.t.descriptor.sql.BasicExtractor - found [null] as column [YWATT8_23_0_]
 - 2017-01-26 13:31:56 [main] TRACE o.h.t.descriptor.sql.BasicExtractor - found [null] as column [YWATT9_23_0_]
 - 2017-01-26 13:31:56 [main] TRACE o.h.t.descriptor.sql.BasicExtractor - found [null] as column [YWATT10_23_0_]
 - 2017-01-26 13:31:56 [main] TRACE o.h.t.descriptor.sql.BasicExtractor - found [null] as column [YWATT11_23_0_]
 - 2017-01-26 13:31:56 [main] TRACE o.h.t.descriptor.sql.BasicExtractor - found [null] as column [YWATT12_23_0_]
 - 2017-01-26 13:31:56 [main] TRACE o.h.t.descriptor.sql.BasicExtractor - found [null] as column [YWATT13_23_0_]
 - 2017-01-26 13:31:56 [main] TRACE o.h.t.descriptor.sql.BasicExtractor - found [null] as column [YWATT14_23_0_]
 - 2017-01-26 13:31:56 [main] TRACE o.h.t.descriptor.sql.BasicExtractor - found [URC12_11632_ALM16] as column [YWATT15_23_0_]
 - 2017-01-26 13:31:56 [main] TRACE o.h.t.descriptor.sql.BasicExtractor - found [URC1.05.60.106 - MOSe Platform 3.3 - Anagrafe debitore MAV - SST] as column [YWATT16_23_0_]
 - 2017-01-26 13:31:56 [main] TRACE o.h.t.descriptor.sql.BasicExtractor - found [null] as column [YWATT17_23_0_]
 - 2017-01-26 13:31:56 [main] TRACE o.h.t.descriptor.sql.BasicExtractor - found [null] as column [YWATT18_23_0_]
 - 2017-01-26 13:31:56 [main] TRACE o.h.t.descriptor.sql.BasicExtractor - found [null] as column [YWATT19_23_0_]
 - 2017-01-26 13:31:56 [main] TRACE o.h.t.descriptor.sql.BasicExtractor - found [null] as column [YWATT20_23_0_]
 - 2017-01-26 13:31:56 [main] TRACE o.h.t.descriptor.sql.BasicExtractor - found [null] as column [YWATT21_23_0_]
 - 2017-01-26 13:31:56 [main] TRACE o.h.t.descriptor.sql.BasicExtractor - found [null] as column [YWATT22_23_0_]
 - 2017-01-26 13:31:56 [main] TRACE o.h.t.descriptor.sql.BasicExtractor - found [null] as column [YWATT23_23_0_]
 - 2017-01-26 13:31:56 [main] TRACE o.h.t.descriptor.sql.BasicExtractor - found [null] as column [YWATT24_23_0_]
 - 2017-01-26 13:31:56 [main] TRACE o.h.t.descriptor.sql.BasicExtractor - found [null] as column [YWATT25_23_0_]
 - 2017-01-26 13:31:56 [main] TRACE o.h.t.descriptor.sql.BasicExtractor - found [null] as column [YWATT26_23_0_]
 - 2017-01-26 13:31:56 [main] TRACE o.h.t.descriptor.sql.BasicExtractor - found [null] as column [YWATT27_23_0_]
 - 2017-01-26 13:31:56 [main] TRACE o.h.t.descriptor.sql.BasicExtractor - found [null] as column [YWATT28_23_0_]
 - 2017-01-26 13:31:56 [main] TRACE o.h.t.descriptor.sql.BasicExtractor - found [null] as column [YWATT29_23_0_]
 - 2017-01-26 13:31:56 [main] TRACE o.h.t.descriptor.sql.BasicExtractor - found [null] as column [YWATT30_23_0_]
 - 2017-01-26 13:31:56 [main] TRACE o.h.t.descriptor.sql.BasicExtractor - found [null] as column [YWATT31_23_0_]
 - 2017-01-26 13:31:56 [main] TRACE o.h.t.descriptor.sql.BasicExtractor - found [null] as column [YWATT32_23_0_]
 - 2017-01-26 13:31:56 [main] TRACE o.h.t.descriptor.sql.BasicExtractor - found [null] as column [YWATT33_23_0_]
 - 2017-01-26 13:31:56 [main] TRACE o.h.t.descriptor.sql.BasicExtractor - found [null] as column [YWATT34_23_0_]
 - 2017-01-26 13:31:56 [main] TRACE o.h.t.descriptor.sql.BasicExtractor - found [null] as column [YWATT35_23_0_]
 - 2017-01-26 13:31:56 [main] TRACE o.h.t.descriptor.sql.BasicExtractor - found [null] as column [YWATT36_23_0_]
 - 2017-01-26 13:31:56 [main] TRACE o.h.t.descriptor.sql.BasicExtractor - found [null] as column [YWATT37_23_0_]
 - 2017-01-26 13:31:56 [main] TRACE o.h.t.descriptor.sql.BasicExtractor - found [null] as column [YWATT38_23_0_]
 - 2017-01-26 13:31:56 [main] TRACE o.h.t.descriptor.sql.BasicExtractor - found [null] as column [YWATT39_23_0_]
 - 2017-01-26 13:31:56 [main] TRACE o.h.t.descriptor.sql.BasicExtractor - found [null] as column [YWATT40_23_0_]
 - 2017-01-26 13:31:56 [main] TRACE o.h.t.descriptor.sql.BasicExtractor - found [null] as column [YWATT41_23_0_]
 - 2017-01-26 13:31:56 [main] TRACE o.h.t.descriptor.sql.BasicExtractor - found [null] as column [YWATT42_23_0_]
 - 2017-01-26 13:31:56 [main] TRACE o.h.t.descriptor.sql.BasicExtractor - found [null] as column [YWATT43_23_0_]
 - 2017-01-26 13:31:56 [main] TRACE o.h.t.descriptor.sql.BasicExtractor - found [null] as column [YWATT44_23_0_]
 - 2017-01-26 13:31:56 [main] TRACE o.h.t.descriptor.sql.BasicExtractor - found [null] as column [YWATT45_23_0_]
 - 2017-01-26 13:31:56 [main] TRACE o.h.t.descriptor.sql.BasicExtractor - found [null] as column [YWATT46_23_0_]
 - 2017-01-26 13:31:56 [main] TRACE o.h.t.descriptor.sql.BasicExtractor - found [2016-11-30 00:00:00.0] as column [YWATT47_23_0_]
 - 2017-01-26 13:31:56 [main] TRACE o.h.t.descriptor.sql.BasicExtractor - found [2016-11-30 00:00:00.0] as column [YWATT48_23_0_]
 - 2017-01-26 13:31:56 [main] TRACE o.h.t.descriptor.sql.BasicExtractor - found [Paola Greco] as column [YWATT49_23_0_]
 - 2017-01-26 13:31:56 [main] TRACE o.h.t.descriptor.sql.BasicExtractor - found [2] as column [YWATT1_23_0_]
 - 2017-01-26 13:31:56 [main] TRACE o.h.t.descriptor.sql.BasicExtractor - found [null] as column [YWATT2_23_0_]
 - 2017-01-26 13:31:56 [main] TRACE o.h.t.descriptor.sql.BasicExtractor - found [5] as column [YWATT3_23_0_]
 - 2017-01-26 13:31:56 [main] TRACE o.h.t.descriptor.sql.BasicExtractor - found [2] as column [YWATT4_23_0_]
 - 2017-01-26 13:31:56 [main] TRACE o.h.t.descriptor.sql.BasicExtractor - found [06.60.120] as column [YWATT5_23_0_]
 - 2017-01-26 13:31:56 [main] TRACE o.h.t.descriptor.sql.BasicExtractor - found [URC1Q.06.60.120] as column [YWATT6_23_0_]
 - 2017-01-26 13:31:56 [main] TRACE o.h.t.descriptor.sql.BasicExtractor - found [null] as column [YWATT7_23_0_]
 - 2017-01-26 13:31:56 [main] TRACE o.h.t.descriptor.sql.BasicExtractor - found [null] as column [YWATT8_23_0_]
 - 2017-01-26 13:31:56 [main] TRACE o.h.t.descriptor.sql.BasicExtractor - found [null] as column [YWATT9_23_0_]
 - 2017-01-26 13:31:56 [main] TRACE o.h.t.descriptor.sql.BasicExtractor - found [null] as column [YWATT10_23_0_]
 - 2017-01-26 13:31:56 [main] TRACE o.h.t.descriptor.sql.BasicExtractor - found [null] as column [YWATT11_23_0_]
 - 2017-01-26 13:31:56 [main] TRACE o.h.t.descriptor.sql.BasicExtractor - found [null] as column [YWATT12_23_0_]
 - 2017-01-26 13:31:56 [main] TRACE o.h.t.descriptor.sql.BasicExtractor - found [null] as column [YWATT13_23_0_]
 - 2017-01-26 13:31:56 [main] TRACE o.h.t.descriptor.sql.BasicExtractor - found [null] as column [YWATT14_23_0_]
 - 2017-01-26 13:31:56 [main] TRACE o.h.t.descriptor.sql.BasicExtractor - found [URC22_11311_ALM16] as column [YWATT15_23_0_]
 - 2017-01-26 13:31:56 [main] TRACE o.h.t.descriptor.sql.BasicExtractor - found [URC1Q.06.60.120 - MOSe Platform 3.3 -  Anagrafe debitore MAV  - GA] as column [YWATT16_23_0_]
 - 2017-01-26 13:31:56 [main] TRACE o.h.t.descriptor.sql.BasicExtractor - found [null] as column [YWATT17_23_0_]
 - 2017-01-26 13:31:56 [main] TRACE o.h.t.descriptor.sql.BasicExtractor - found [null] as column [YWATT18_23_0_]
 - 2017-01-26 13:31:56 [main] TRACE o.h.t.descriptor.sql.BasicExtractor - found [null] as column [YWATT19_23_0_]
 - 2017-01-26 13:31:56 [main] TRACE o.h.t.descriptor.sql.BasicExtractor - found [null] as column [YWATT20_23_0_]
 - 2017-01-26 13:31:56 [main] TRACE o.h.t.descriptor.sql.BasicExtractor - found [null] as column [YWATT21_23_0_]
 - 2017-01-26 13:31:56 [main] TRACE o.h.t.descriptor.sql.BasicExtractor - found [null] as column [YWATT22_23_0_]
 - 2017-01-26 13:31:56 [main] TRACE o.h.t.descriptor.sql.BasicExtractor - found [null] as column [YWATT23_23_0_]
 - 2017-01-26 13:31:56 [main] TRACE o.h.t.descriptor.sql.BasicExtractor - found [null] as column [YWATT24_23_0_]
 - 2017-01-26 13:31:56 [main] TRACE o.h.t.descriptor.sql.BasicExtractor - found [null] as column [YWATT25_23_0_]
 - 2017-01-26 13:31:56 [main] TRACE o.h.t.descriptor.sql.BasicExtractor - found [null] as column [YWATT26_23_0_]
 - 2017-01-26 13:31:56 [main] TRACE o.h.t.descriptor.sql.BasicExtractor - found [null] as column [YWATT27_23_0_]
 - 2017-01-26 13:31:56 [main] TRACE o.h.t.descriptor.sql.BasicExtractor - found [null] as column [YWATT28_23_0_]
 - 2017-01-26 13:31:56 [main] TRACE o.h.t.descriptor.sql.BasicExtractor - found [null] as column [YWATT29_23_0_]
 - 2017-01-26 13:31:56 [main] TRACE o.h.t.descriptor.sql.BasicExtractor - found [null] as column [YWATT30_23_0_]
 - 2017-01-26 13:31:56 [main] TRACE o.h.t.descriptor.sql.BasicExtractor - found [null] as column [YWATT31_23_0_]
 - 2017-01-26 13:31:56 [main] TRACE o.h.t.descriptor.sql.BasicExtractor - found [null] as column [YWATT32_23_0_]
 - 2017-01-26 13:31:56 [main] TRACE o.h.t.descriptor.sql.BasicExtractor - found [null] as column [YWATT33_23_0_]
 - 2017-01-26 13:31:56 [main] TRACE o.h.t.descriptor.sql.BasicExtractor - found [null] as column [YWATT34_23_0_]
 - 2017-01-26 13:31:56 [main] TRACE o.h.t.descriptor.sql.BasicExtractor - found [null] as column [YWATT35_23_0_]
 - 2017-01-26 13:31:56 [main] TRACE o.h.t.descriptor.sql.BasicExtractor - found [null] as column [YWATT36_23_0_]
 - 2017-01-26 13:31:56 [main] TRACE o.h.t.descriptor.sql.BasicExtractor - found [null] as column [YWATT37_23_0_]
 - 2017-01-26 13:31:56 [main] TRACE o.h.t.descriptor.sql.BasicExtractor - found [null] as column [YWATT38_23_0_]
 - 2017-01-26 13:31:56 [main] TRACE o.h.t.descriptor.sql.BasicExtractor - found [null] as column [YWATT39_23_0_]
 - 2017-01-26 13:31:56 [main] TRACE o.h.t.descriptor.sql.BasicExtractor - found [null] as column [YWATT40_23_0_]
 - 2017-01-26 13:31:56 [main] TRACE o.h.t.descriptor.sql.BasicExtractor - found [null] as column [YWATT41_23_0_]
 - 2017-01-26 13:31:56 [main] TRACE o.h.t.descriptor.sql.BasicExtractor - found [null] as column [YWATT42_23_0_]
 - 2017-01-26 13:31:56 [main] TRACE o.h.t.descriptor.sql.BasicExtractor - found [null] as column [YWATT43_23_0_]
 - 2017-01-26 13:31:56 [main] TRACE o.h.t.descriptor.sql.BasicExtractor - found [null] as column [YWATT44_23_0_]
 - 2017-01-26 13:31:56 [main] TRACE o.h.t.descriptor.sql.BasicExtractor - found [null] as column [YWATT45_23_0_]
 - 2017-01-26 13:31:56 [main] TRACE o.h.t.descriptor.sql.BasicExtractor - found [null] as column [YWATT46_23_0_]
 - 2017-01-26 13:31:56 [main] TRACE o.h.t.descriptor.sql.BasicExtractor - found [2016-11-30 00:00:00.0] as column [YWATT47_23_0_]
 - 2017-01-26 13:31:56 [main] TRACE o.h.t.descriptor.sql.BasicExtractor - found [2016-11-30 00:00:00.0] as column [YWATT48_23_0_]
 - 2017-01-26 13:31:56 [main] TRACE o.h.t.descriptor.sql.BasicExtractor - found [Paola Greco] as column [YWATT49_23_0_]
 - 2017-01-26 13:31:56 [main] TRACE o.h.t.descriptor.sql.BasicExtractor - found [3] as column [YWATT1_23_0_]
 - 2017-01-26 13:31:56 [main] TRACE o.h.t.descriptor.sql.BasicExtractor - found [null] as column [YWATT2_23_0_]
 - 2017-01-26 13:31:56 [main] TRACE o.h.t.descriptor.sql.BasicExtractor - found [5] as column [YWATT3_23_0_]
 - 2017-01-26 13:31:56 [main] TRACE o.h.t.descriptor.sql.BasicExtractor - found [2] as column [YWATT4_23_0_]
 - 2017-01-26 13:31:56 [main] TRACE o.h.t.descriptor.sql.BasicExtractor - found [06.60.133] as column [YWATT5_23_0_]
 - 2017-01-26 13:31:56 [main] TRACE o.h.t.descriptor.sql.BasicExtractor - found [URC1Q.06.60.133] as column [YWATT6_23_0_]
 - 2017-01-26 13:31:56 [main] TRACE o.h.t.descriptor.sql.BasicExtractor - found [null] as column [YWATT7_23_0_]
 - 2017-01-26 13:31:56 [main] TRACE o.h.t.descriptor.sql.BasicExtractor - found [null] as column [YWATT8_23_0_]
 - 2017-01-26 13:31:56 [main] TRACE o.h.t.descriptor.sql.BasicExtractor - found [null] as column [YWATT9_23_0_]
 - 2017-01-26 13:31:56 [main] TRACE o.h.t.descriptor.sql.BasicExtractor - found [null] as column [YWATT10_23_0_]
 - 2017-01-26 13:31:56 [main] TRACE o.h.t.descriptor.sql.BasicExtractor - found [null] as column [YWATT11_23_0_]
 - 2017-01-26 13:31:56 [main] TRACE o.h.t.descriptor.sql.BasicExtractor - found [null] as column [YWATT12_23_0_]
 - 2017-01-26 13:31:56 [main] TRACE o.h.t.descriptor.sql.BasicExtractor - found [null] as column [YWATT13_23_0_]
 - 2017-01-26 13:31:56 [main] TRACE o.h.t.descriptor.sql.BasicExtractor - found [null] as column [YWATT14_23_0_]
 - 2017-01-26 13:31:56 [main] TRACE o.h.t.descriptor.sql.BasicExtractor - found [URC22_11346_ALM16] as column [YWATT15_23_0_]
 - 2017-01-26 13:31:56 [main] TRACE o.h.t.descriptor.sql.BasicExtractor - found [URC1Q.06.60.133 - MOSe - Conduzione funzionale e assistenza applicativa - GA  - III TRIM] as column [YWATT16_23_0_]
 - 2017-01-26 13:31:56 [main] TRACE o.h.t.descriptor.sql.BasicExtractor - found [null] as column [YWATT17_23_0_]
 - 2017-01-26 13:31:56 [main] TRACE o.h.t.descriptor.sql.BasicExtractor - found [null] as column [YWATT18_23_0_]
 - 2017-01-26 13:31:56 [main] TRACE o.h.t.descriptor.sql.BasicExtractor - found [null] as column [YWATT19_23_0_]
 - 2017-01-26 13:31:56 [main] TRACE o.h.t.descriptor.sql.BasicExtractor - found [null] as column [YWATT20_23_0_]
 - 2017-01-26 13:31:56 [main] TRACE o.h.t.descriptor.sql.BasicExtractor - found [null] as column [YWATT21_23_0_]
 - 2017-01-26 13:31:56 [main] TRACE o.h.t.descriptor.sql.BasicExtractor - found [null] as column [YWATT22_23_0_]
 - 2017-01-26 13:31:56 [main] TRACE o.h.t.descriptor.sql.BasicExtractor - found [null] as column [YWATT23_23_0_]
 - 2017-01-26 13:31:56 [main] TRACE o.h.t.descriptor.sql.BasicExtractor - found [null] as column [YWATT24_23_0_]
 - 2017-01-26 13:31:56 [main] TRACE o.h.t.descriptor.sql.BasicExtractor - found [null] as column [YWATT25_23_0_]
 - 2017-01-26 13:31:56 [main] TRACE o.h.t.descriptor.sql.BasicExtractor - found [null] as column [YWATT26_23_0_]
 - 2017-01-26 13:31:56 [main] TRACE o.h.t.descriptor.sql.BasicExtractor - found [null] as column [YWATT27_23_0_]
 - 2017-01-26 13:31:56 [main] TRACE o.h.t.descriptor.sql.BasicExtractor - found [null] as column [YWATT28_23_0_]
 - 2017-01-26 13:31:56 [main] TRACE o.h.t.descriptor.sql.BasicExtractor - found [null] as column [YWATT29_23_0_]
 - 2017-01-26 13:31:56 [main] TRACE o.h.t.descriptor.sql.BasicExtractor - found [null] as column [YWATT30_23_0_]
 - 2017-01-26 13:31:56 [main] TRACE o.h.t.descriptor.sql.BasicExtractor - found [null] as column [YWATT31_23_0_]
 - 2017-01-26 13:31:56 [main] TRACE o.h.t.descriptor.sql.BasicExtractor - found [null] as column [YWATT32_23_0_]
 - 2017-01-26 13:31:56 [main] TRACE o.h.t.descriptor.sql.BasicExtractor - found [null] as column [YWATT33_23_0_]
 - 2017-01-26 13:31:56 [main] TRACE o.h.t.descriptor.sql.BasicExtractor - found [null] as column [YWATT34_23_0_]
 - 2017-01-26 13:31:56 [main] TRACE o.h.t.descriptor.sql.BasicExtractor - found [null] as column [YWATT35_23_0_]
 - 2017-01-26 13:31:56 [main] TRACE o.h.t.descriptor.sql.BasicExtractor - found [null] as column [YWATT36_23_0_]
 - 2017-01-26 13:31:56 [main] TRACE o.h.t.descriptor.sql.BasicExtractor - found [null] as column [YWATT37_23_0_]
 - 2017-01-26 13:31:56 [main] TRACE o.h.t.descriptor.sql.BasicExtractor - found [null] as column [YWATT38_23_0_]
 - 2017-01-26 13:31:56 [main] TRACE o.h.t.descriptor.sql.BasicExtractor - found [null] as column [YWATT39_23_0_]
 - 2017-01-26 13:31:56 [main] TRACE o.h.t.descriptor.sql.BasicExtractor - found [null] as column [YWATT40_23_0_]
 - 2017-01-26 13:31:56 [main] TRACE o.h.t.descriptor.sql.BasicExtractor - found [null] as column [YWATT41_23_0_]
 - 2017-01-26 13:31:56 [main] TRACE o.h.t.descriptor.sql.BasicExtractor - found [null] as column [YWATT42_23_0_]
 - 2017-01-26 13:31:56 [main] TRACE o.h.t.descriptor.sql.BasicExtractor - found [null] as column [YWATT43_23_0_]
 - 2017-01-26 13:31:56 [main] TRACE o.h.t.descriptor.sql.BasicExtractor - found [null] as column [YWATT44_23_0_]
 - 2017-01-26 13:31:56 [main] TRACE o.h.t.descriptor.sql.BasicExtractor - found [null] as column [YWATT45_23_0_]
 - 2017-01-26 13:31:56 [main] TRACE o.h.t.descriptor.sql.BasicExtractor - found [null] as column [YWATT46_23_0_]
 - 2017-01-26 13:31:56 [main] TRACE o.h.t.descriptor.sql.BasicExtractor - found [2016-11-30 00:00:00.0] as column [YWATT47_23_0_]
 - 2017-01-26 13:31:56 [main] TRACE o.h.t.descriptor.sql.BasicExtractor - found [2016-11-30 00:00:00.0] as column [YWATT48_23_0_]
 - 2017-01-26 13:31:56 [main] TRACE o.h.t.descriptor.sql.BasicExtractor - found [Paola Greco] as column [YWATT49_23_0_]
 - 2017-01-26 13:31:56 [main] TRACE o.h.t.descriptor.sql.BasicExtractor - found [4] as column [YWATT1_23_0_]
 - 2017-01-26 13:31:56 [main] TRACE o.h.t.descriptor.sql.BasicExtractor - found [null] as column [YWATT2_23_0_]
 - 2017-01-26 13:31:56 [main] TRACE o.h.t.descriptor.sql.BasicExtractor - found [5] as column [YWATT3_23_0_]
 - 2017-01-26 13:31:56 [main] TRACE o.h.t.descriptor.sql.BasicExtractor - found [2] as column [YWATT4_23_0_]
 - 2017-01-26 13:31:56 [main] TRACE o.h.t.descriptor.sql.BasicExtractor - found [06.60.152] as column [YWATT5_23_0_]
 - 2017-01-26 13:31:56 [main] TRACE o.h.t.descriptor.sql.BasicExtractor - found [URC1P.06.60.152] as column [YWATT6_23_0_]
 - 2017-01-26 13:31:56 [main] TRACE o.h.t.descriptor.sql.BasicExtractor - found [null] as column [YWATT7_23_0_]
 - 2017-01-26 13:31:56 [main] TRACE o.h.t.descriptor.sql.BasicExtractor - found [null] as column [YWATT8_23_0_]
 - 2017-01-26 13:31:56 [main] TRACE o.h.t.descriptor.sql.BasicExtractor - found [null] as column [YWATT9_23_0_]
 - 2017-01-26 13:31:56 [main] TRACE o.h.t.descriptor.sql.BasicExtractor - found [null] as column [YWATT10_23_0_]
 - 2017-01-26 13:31:56 [main] TRACE o.h.t.descriptor.sql.BasicExtractor - found [null] as column [YWATT11_23_0_]
 - 2017-01-26 13:31:56 [main] TRACE o.h.t.descriptor.sql.BasicExtractor - found [null] as column [YWATT12_23_0_]
 - 2017-01-26 13:31:56 [main] TRACE o.h.t.descriptor.sql.BasicExtractor - found [null] as column [YWATT13_23_0_]
 - 2017-01-26 13:31:56 [main] TRACE o.h.t.descriptor.sql.BasicExtractor - found [null] as column [YWATT14_23_0_]
 - 2017-01-26 13:31:56 [main] TRACE o.h.t.descriptor.sql.BasicExtractor - found [URC32_10013_ALM16] as column [YWATT15_23_0_]
 - 2017-01-26 13:31:56 [main] TRACE o.h.t.descriptor.sql.BasicExtractor - found [URC1P.06.60.152 - NoE - Conduzione funzionale e assistenza applicativa - GA] as column [YWATT16_23_0_]
 - 2017-01-26 13:31:56 [main] TRACE o.h.t.descriptor.sql.BasicExtractor - found [null] as column [YWATT17_23_0_]
 - 2017-01-26 13:31:56 [main] TRACE o.h.t.descriptor.sql.BasicExtractor - found [null] as column [YWATT18_23_0_]
 - 2017-01-26 13:31:56 [main] TRACE o.h.t.descriptor.sql.BasicExtractor - found [null] as column [YWATT19_23_0_]
 - 2017-01-26 13:31:56 [main] TRACE o.h.t.descriptor.sql.BasicExtractor - found [null] as column [YWATT20_23_0_]
 - 2017-01-26 13:31:56 [main] TRACE o.h.t.descriptor.sql.BasicExtractor - found [null] as column [YWATT21_23_0_]
 - 2017-01-26 13:31:56 [main] TRACE o.h.t.descriptor.sql.BasicExtractor - found [null] as column [YWATT22_23_0_]
 - 2017-01-26 13:31:56 [main] TRACE o.h.t.descriptor.sql.BasicExtractor - found [null] as column [YWATT23_23_0_]
 - 2017-01-26 13:31:56 [main] TRACE o.h.t.descriptor.sql.BasicExtractor - found [null] as column [YWATT24_23_0_]
 - 2017-01-26 13:31:56 [main] TRACE o.h.t.descriptor.sql.BasicExtractor - found [null] as column [YWATT25_23_0_]
 - 2017-01-26 13:31:56 [main] TRACE o.h.t.descriptor.sql.BasicExtractor - found [null] as column [YWATT26_23_0_]
 - 2017-01-26 13:31:56 [main] TRACE o.h.t.descriptor.sql.BasicExtractor - found [null] as column [YWATT27_23_0_]
 - 2017-01-26 13:31:56 [main] TRACE o.h.t.descriptor.sql.BasicExtractor - found [null] as column [YWATT28_23_0_]
 - 2017-01-26 13:31:56 [main] TRACE o.h.t.descriptor.sql.BasicExtractor - found [null] as column [YWATT29_23_0_]
 - 2017-01-26 13:31:56 [main] TRACE o.h.t.descriptor.sql.BasicExtractor - found [null] as column [YWATT30_23_0_]
 - 2017-01-26 13:31:56 [main] TRACE o.h.t.descriptor.sql.BasicExtractor - found [null] as column [YWATT31_23_0_]
 - 2017-01-26 13:31:56 [main] TRACE o.h.t.descriptor.sql.BasicExtractor - found [null] as column [YWATT32_23_0_]
 - 2017-01-26 13:31:56 [main] TRACE o.h.t.descriptor.sql.BasicExtractor - found [null] as column [YWATT33_23_0_]
 - 2017-01-26 13:31:56 [main] TRACE o.h.t.descriptor.sql.BasicExtractor - found [null] as column [YWATT34_23_0_]
 - 2017-01-26 13:31:56 [main] TRACE o.h.t.descriptor.sql.BasicExtractor - found [null] as column [YWATT35_23_0_]
 - 2017-01-26 13:31:56 [main] TRACE o.h.t.descriptor.sql.BasicExtractor - found [null] as column [YWATT36_23_0_]
 - 2017-01-26 13:31:56 [main] TRACE o.h.t.descriptor.sql.BasicExtractor - found [null] as column [YWATT37_23_0_]
 - 2017-01-26 13:31:56 [main] TRACE o.h.t.descriptor.sql.BasicExtractor - found [null] as column [YWATT38_23_0_]
 - 2017-01-26 13:31:56 [main] TRACE o.h.t.descriptor.sql.BasicExtractor - found [null] as column [YWATT39_23_0_]
 - 2017-01-26 13:31:56 [main] TRACE o.h.t.descriptor.sql.BasicExtractor - found [null] as column [YWATT40_23_0_]
 - 2017-01-26 13:31:56 [main] TRACE o.h.t.descriptor.sql.BasicExtractor - found [null] as column [YWATT41_23_0_]
 - 2017-01-26 13:31:56 [main] TRACE o.h.t.descriptor.sql.BasicExtractor - found [null] as column [YWATT42_23_0_]
 - 2017-01-26 13:31:56 [main] TRACE o.h.t.descriptor.sql.BasicExtractor - found [null] as column [YWATT43_23_0_]
 - 2017-01-26 13:31:56 [main] TRACE o.h.t.descriptor.sql.BasicExtractor - found [null] as column [YWATT44_23_0_]
 - 2017-01-26 13:31:56 [main] TRACE o.h.t.descriptor.sql.BasicExtractor - found [null] as column [YWATT45_23_0_]
 - 2017-01-26 13:31:56 [main] TRACE o.h.t.descriptor.sql.BasicExtractor - found [null] as column [YWATT46_23_0_]
 - 2017-01-26 13:31:56 [main] TRACE o.h.t.descriptor.sql.BasicExtractor - found [2016-11-30 00:00:00.0] as column [YWATT47_23_0_]
 - 2017-01-26 13:31:56 [main] TRACE o.h.t.descriptor.sql.BasicExtractor - found [2016-11-30 00:00:00.0] as column [YWATT48_23_0_]
 - 2017-01-26 13:31:56 [main] TRACE o.h.t.descriptor.sql.BasicExtractor - found [Paola Greco] as column [YWATT49_23_0_]
 - 2017-01-26 13:31:56 [main] TRACE o.h.t.descriptor.sql.BasicExtractor - found [5] as column [YWATT1_23_0_]
 - 2017-01-26 13:31:56 [main] TRACE o.h.t.descriptor.sql.BasicExtractor - found [null] as column [YWATT2_23_0_]
 - 2017-01-26 13:31:56 [main] TRACE o.h.t.descriptor.sql.BasicExtractor - found [6] as column [YWATT3_23_0_]
 - 2017-01-26 13:31:56 [main] TRACE o.h.t.descriptor.sql.BasicExtractor - found [2] as column [YWATT4_23_0_]
 - 2017-01-26 13:31:56 [main] TRACE o.h.t.descriptor.sql.BasicExtractor - found [05.60.118] as column [YWATT5_23_0_]
 - 2017-01-26 13:31:56 [main] TRACE o.h.t.descriptor.sql.BasicExtractor - found [URC1P.05.60.118] as column [YWATT6_23_0_]
 - 2017-01-26 13:31:56 [main] TRACE o.h.t.descriptor.sql.BasicExtractor - found [null] as column [YWATT7_23_0_]
 - 2017-01-26 13:31:56 [main] TRACE o.h.t.descriptor.sql.BasicExtractor - found [null] as column [YWATT8_23_0_]
 - 2017-01-26 13:31:56 [main] TRACE o.h.t.descriptor.sql.BasicExtractor - found [null] as column [YWATT9_23_0_]
 - 2017-01-26 13:31:56 [main] TRACE o.h.t.descriptor.sql.BasicExtractor - found [null] as column [YWATT10_23_0_]
 - 2017-01-26 13:31:56 [main] TRACE o.h.t.descriptor.sql.BasicExtractor - found [null] as column [YWATT11_23_0_]
 - 2017-01-26 13:31:56 [main] TRACE o.h.t.descriptor.sql.BasicExtractor - found [null] as column [YWATT12_23_0_]
 - 2017-01-26 13:31:56 [main] TRACE o.h.t.descriptor.sql.BasicExtractor - found [null] as column [YWATT13_23_0_]
 - 2017-01-26 13:31:56 [main] TRACE o.h.t.descriptor.sql.BasicExtractor - found [null] as column [YWATT14_23_0_]
 - 2017-01-26 13:31:56 [main] TRACE o.h.t.descriptor.sql.BasicExtractor - found [URC32_10011_ALM16] as column [YWATT15_23_0_]
 - 2017-01-26 13:31:56 [main] TRACE o.h.t.descriptor.sql.BasicExtractor - found [URC1P.05.60.118 - MOSe Platform 3.4 - Nuovo sistema documentale  - SST] as column [YWATT16_23_0_]
 - 2017-01-26 13:31:56 [main] TRACE o.h.t.descriptor.sql.BasicExtractor - found [null] as column [YWATT17_23_0_]
 - 2017-01-26 13:31:56 [main] TRACE o.h.t.descriptor.sql.BasicExtractor - found [null] as column [YWATT18_23_0_]
 - 2017-01-26 13:31:56 [main] TRACE o.h.t.descriptor.sql.BasicExtractor - found [null] as column [YWATT19_23_0_]
 - 2017-01-26 13:31:56 [main] TRACE o.h.t.descriptor.sql.BasicExtractor - found [null] as column [YWATT20_23_0_]
 - 2017-01-26 13:31:56 [main] TRACE o.h.t.descriptor.sql.BasicExtractor - found [null] as column [YWATT21_23_0_]
 - 2017-01-26 13:31:56 [main] TRACE o.h.t.descriptor.sql.BasicExtractor - found [null] as column [YWATT22_23_0_]
 - 2017-01-26 13:31:56 [main] TRACE o.h.t.descriptor.sql.BasicExtractor - found [null] as column [YWATT23_23_0_]
 - 2017-01-26 13:31:56 [main] TRACE o.h.t.descriptor.sql.BasicExtractor - found [null] as column [YWATT24_23_0_]
 - 2017-01-26 13:31:56 [main] TRACE o.h.t.descriptor.sql.BasicExtractor - found [null] as column [YWATT25_23_0_]
 - 2017-01-26 13:31:56 [main] TRACE o.h.t.descriptor.sql.BasicExtractor - found [null] as column [YWATT26_23_0_]
 - 2017-01-26 13:31:57 [main] TRACE o.h.t.descriptor.sql.BasicExtractor - found [null] as column [YWATT27_23_0_]
 - 2017-01-26 13:31:57 [main] TRACE o.h.t.descriptor.sql.BasicExtractor - found [null] as column [YWATT28_23_0_]
 - 2017-01-26 13:31:57 [main] TRACE o.h.t.descriptor.sql.BasicExtractor - found [null] as column [YWATT29_23_0_]
 - 2017-01-26 13:31:57 [main] TRACE o.h.t.descriptor.sql.BasicExtractor - found [null] as column [YWATT30_23_0_]
 - 2017-01-26 13:31:57 [main] TRACE o.h.t.descriptor.sql.BasicExtractor - found [null] as column [YWATT31_23_0_]
 - 2017-01-26 13:31:57 [main] TRACE o.h.t.descriptor.sql.BasicExtractor - found [null] as column [YWATT32_23_0_]
 - 2017-01-26 13:31:57 [main] TRACE o.h.t.descriptor.sql.BasicExtractor - found [null] as column [YWATT33_23_0_]
 - 2017-01-26 13:31:57 [main] TRACE o.h.t.descriptor.sql.BasicExtractor - found [null] as column [YWATT34_23_0_]
 - 2017-01-26 13:31:57 [main] TRACE o.h.t.descriptor.sql.BasicExtractor - found [null] as column [YWATT35_23_0_]
 - 2017-01-26 13:31:57 [main] TRACE o.h.t.descriptor.sql.BasicExtractor - found [null] as column [YWATT36_23_0_]
 - 2017-01-26 13:31:57 [main] TRACE o.h.t.descriptor.sql.BasicExtractor - found [null] as column [YWATT37_23_0_]
 - 2017-01-26 13:31:57 [main] TRACE o.h.t.descriptor.sql.BasicExtractor - found [null] as column [YWATT38_23_0_]
 - 2017-01-26 13:31:57 [main] TRACE o.h.t.descriptor.sql.BasicExtractor - found [null] as column [YWATT39_23_0_]
 - 2017-01-26 13:31:57 [main] TRACE o.h.t.descriptor.sql.BasicExtractor - found [null] as column [YWATT40_23_0_]
 - 2017-01-26 13:31:57 [main] TRACE o.h.t.descriptor.sql.BasicExtractor - found [null] as column [YWATT41_23_0_]
 - 2017-01-26 13:31:57 [main] TRACE o.h.t.descriptor.sql.BasicExtractor - found [null] as column [YWATT42_23_0_]
 - 2017-01-26 13:31:57 [main] TRACE o.h.t.descriptor.sql.BasicExtractor - found [null] as column [YWATT43_23_0_]
 - 2017-01-26 13:31:57 [main] TRACE o.h.t.descriptor.sql.BasicExtractor - found [null] as column [YWATT44_23_0_]
 - 2017-01-26 13:31:57 [main] TRACE o.h.t.descriptor.sql.BasicExtractor - found [null] as column [YWATT45_23_0_]
 - 2017-01-26 13:31:57 [main] TRACE o.h.t.descriptor.sql.BasicExtractor - found [null] as column [YWATT46_23_0_]
 - 2017-01-26 13:31:57 [main] TRACE o.h.t.descriptor.sql.BasicExtractor - found [2016-11-30 00:00:00.0] as column [YWATT47_23_0_]
 - 2017-01-26 13:31:57 [main] TRACE o.h.t.descriptor.sql.BasicExtractor - found [2016-11-30 00:00:00.0] as column [YWATT48_23_0_]
 - 2017-01-26 13:31:57 [main] TRACE o.h.t.descriptor.sql.BasicExtractor - found [Paola Greco] as column [YWATT49_23_0_]
 - 2017-01-26 13:31:57 [main] TRACE o.h.t.descriptor.sql.BasicExtractor - found [6] as column [YWATT1_23_0_]
 - 2017-01-26 13:31:57 [main] TRACE o.h.t.descriptor.sql.BasicExtractor - found [null] as column [YWATT2_23_0_]
 - 2017-01-26 13:31:57 [main] TRACE o.h.t.descriptor.sql.BasicExtractor - found [5] as column [YWATT3_23_0_]
 - 2017-01-26 13:31:57 [main] TRACE o.h.t.descriptor.sql.BasicExtractor - found [2] as column [YWATT4_23_0_]
 - 2017-01-26 13:31:57 [main] TRACE o.h.t.descriptor.sql.BasicExtractor - found [06.60.134] as column [YWATT5_23_0_]
 - 2017-01-26 13:31:57 [main] TRACE o.h.t.descriptor.sql.BasicExtractor - found [URC1P.06.60.134] as column [YWATT6_23_0_]
 - 2017-01-26 13:31:57 [main] TRACE o.h.t.descriptor.sql.BasicExtractor - found [null] as column [YWATT7_23_0_]
 - 2017-01-26 13:31:57 [main] TRACE o.h.t.descriptor.sql.BasicExtractor - found [null] as column [YWATT8_23_0_]
 - 2017-01-26 13:31:57 [main] TRACE o.h.t.descriptor.sql.BasicExtractor - found [null] as column [YWATT9_23_0_]
 - 2017-01-26 13:31:57 [main] TRACE o.h.t.descriptor.sql.BasicExtractor - found [null] as column [YWATT10_23_0_]
 - 2017-01-26 13:31:57 [main] TRACE o.h.t.descriptor.sql.BasicExtractor - found [null] as column [YWATT11_23_0_]
 - 2017-01-26 13:31:57 [main] TRACE o.h.t.descriptor.sql.BasicExtractor - found [null] as column [YWATT12_23_0_]
 - 2017-01-26 13:31:57 [main] TRACE o.h.t.descriptor.sql.BasicExtractor - found [null] as column [YWATT13_23_0_]
 - 2017-01-26 13:31:57 [main] TRACE o.h.t.descriptor.sql.BasicExtractor - found [null] as column [YWATT14_23_0_]
 - 2017-01-26 13:31:57 [main] TRACE o.h.t.descriptor.sql.BasicExtractor - found [URC32_10012_ALM16] as column [YWATT15_23_0_]
 - 2017-01-26 13:31:57 [main] TRACE o.h.t.descriptor.sql.BasicExtractor - found [URC1P.06.60.134 - MOSe Platform 3.4 -  Nuovo sistema documentale  - GA] as column [YWATT16_23_0_]
 - 2017-01-26 13:31:57 [main] TRACE o.h.t.descriptor.sql.BasicExtractor - found [null] as column [YWATT17_23_0_]
 - 2017-01-26 13:31:57 [main] TRACE o.h.t.descriptor.sql.BasicExtractor - found [null] as column [YWATT18_23_0_]
 - 2017-01-26 13:31:57 [main] TRACE o.h.t.descriptor.sql.BasicExtractor - found [null] as column [YWATT19_23_0_]
 - 2017-01-26 13:31:57 [main] TRACE o.h.t.descriptor.sql.BasicExtractor - found [null] as column [YWATT20_23_0_]
 - 2017-01-26 13:31:57 [main] TRACE o.h.t.descriptor.sql.BasicExtractor - found [null] as column [YWATT21_23_0_]
 - 2017-01-26 13:31:57 [main] TRACE o.h.t.descriptor.sql.BasicExtractor - found [null] as column [YWATT22_23_0_]
 - 2017-01-26 13:31:57 [main] TRACE o.h.t.descriptor.sql.BasicExtractor - found [null] as column [YWATT23_23_0_]
 - 2017-01-26 13:31:57 [main] TRACE o.h.t.descriptor.sql.BasicExtractor - found [null] as column [YWATT24_23_0_]
 - 2017-01-26 13:31:57 [main] TRACE o.h.t.descriptor.sql.BasicExtractor - found [null] as column [YWATT25_23_0_]
 - 2017-01-26 13:31:57 [main] TRACE o.h.t.descriptor.sql.BasicExtractor - found [null] as column [YWATT26_23_0_]
 - 2017-01-26 13:31:57 [main] TRACE o.h.t.descriptor.sql.BasicExtractor - found [null] as column [YWATT27_23_0_]
 - 2017-01-26 13:31:57 [main] TRACE o.h.t.descriptor.sql.BasicExtractor - found [null] as column [YWATT28_23_0_]
 - 2017-01-26 13:31:57 [main] TRACE o.h.t.descriptor.sql.BasicExtractor - found [null] as column [YWATT29_23_0_]
 - 2017-01-26 13:31:57 [main] TRACE o.h.t.descriptor.sql.BasicExtractor - found [null] as column [YWATT30_23_0_]
 - 2017-01-26 13:31:57 [main] TRACE o.h.t.descriptor.sql.BasicExtractor - found [null] as column [YWATT31_23_0_]
 - 2017-01-26 13:31:57 [main] TRACE o.h.t.descriptor.sql.BasicExtractor - found [null] as column [YWATT32_23_0_]
 - 2017-01-26 13:31:57 [main] TRACE o.h.t.descriptor.sql.BasicExtractor - found [null] as column [YWATT33_23_0_]
 - 2017-01-26 13:31:57 [main] TRACE o.h.t.descriptor.sql.BasicExtractor - found [null] as column [YWATT34_23_0_]
 - 2017-01-26 13:31:57 [main] TRACE o.h.t.descriptor.sql.BasicExtractor - found [null] as column [YWATT35_23_0_]
 - 2017-01-26 13:31:57 [main] TRACE o.h.t.descriptor.sql.BasicExtractor - found [null] as column [YWATT36_23_0_]
 - 2017-01-26 13:31:57 [main] TRACE o.h.t.descriptor.sql.BasicExtractor - found [null] as column [YWATT37_23_0_]
 - 2017-01-26 13:31:57 [main] TRACE o.h.t.descriptor.sql.BasicExtractor - found [null] as column [YWATT38_23_0_]
 - 2017-01-26 13:31:57 [main] TRACE o.h.t.descriptor.sql.BasicExtractor - found [null] as column [YWATT39_23_0_]
 - 2017-01-26 13:31:57 [main] TRACE o.h.t.descriptor.sql.BasicExtractor - found [null] as column [YWATT40_23_0_]
 - 2017-01-26 13:31:57 [main] TRACE o.h.t.descriptor.sql.BasicExtractor - found [null] as column [YWATT41_23_0_]
 - 2017-01-26 13:31:57 [main] TRACE o.h.t.descriptor.sql.BasicExtractor - found [null] as column [YWATT42_23_0_]
 - 2017-01-26 13:31:57 [main] TRACE o.h.t.descriptor.sql.BasicExtractor - found [null] as column [YWATT43_23_0_]
 - 2017-01-26 13:31:57 [main] TRACE o.h.t.descriptor.sql.BasicExtractor - found [null] as column [YWATT44_23_0_]
 - 2017-01-26 13:31:57 [main] TRACE o.h.t.descriptor.sql.BasicExtractor - found [null] as column [YWATT45_23_0_]
 - 2017-01-26 13:31:57 [main] TRACE o.h.t.descriptor.sql.BasicExtractor - found [null] as column [YWATT46_23_0_]
 - 2017-01-26 13:31:57 [main] TRACE o.h.t.descriptor.sql.BasicExtractor - found [2016-11-30 00:00:00.0] as column [YWATT47_23_0_]
 - 2017-01-26 13:31:57 [main] TRACE o.h.t.descriptor.sql.BasicExtractor - found [2016-11-30 00:00:00.0] as column [YWATT48_23_0_]
 - 2017-01-26 13:31:57 [main] TRACE o.h.t.descriptor.sql.BasicExtractor - found [Paola Greco] as column [YWATT49_23_0_]
 - 2017-01-26 13:31:57 [main] TRACE o.h.t.descriptor.sql.BasicExtractor - found [7] as column [YWATT1_23_0_]
 - 2017-01-26 13:31:57 [main] TRACE o.h.t.descriptor.sql.BasicExtractor - found [null] as column [YWATT2_23_0_]
 - 2017-01-26 13:31:57 [main] TRACE o.h.t.descriptor.sql.BasicExtractor - found [5] as column [YWATT3_23_0_]
 - 2017-01-26 13:31:57 [main] TRACE o.h.t.descriptor.sql.BasicExtractor - found [2] as column [YWATT4_23_0_]
 - 2017-01-26 13:31:57 [main] TRACE o.h.t.descriptor.sql.BasicExtractor - found [06.60.147] as column [YWATT5_23_0_]
 - 2017-01-26 13:31:57 [main] TRACE o.h.t.descriptor.sql.BasicExtractor - found [URC1P.06.60.147] as column [YWATT6_23_0_]
 - 2017-01-26 13:31:57 [main] TRACE o.h.t.descriptor.sql.BasicExtractor - found [null] as column [YWATT7_23_0_]
 - 2017-01-26 13:31:57 [main] TRACE o.h.t.descriptor.sql.BasicExtractor - found [null] as column [YWATT8_23_0_]
 - 2017-01-26 13:31:57 [main] TRACE o.h.t.descriptor.sql.BasicExtractor - found [null] as column [YWATT9_23_0_]
 - 2017-01-26 13:31:57 [main] TRACE o.h.t.descriptor.sql.BasicExtractor - found [null] as column [YWATT10_23_0_]
 - 2017-01-26 13:31:57 [main] TRACE o.h.t.descriptor.sql.BasicExtractor - found [null] as column [YWATT11_23_0_]
 - 2017-01-26 13:31:57 [main] TRACE o.h.t.descriptor.sql.BasicExtractor - found [null] as column [YWATT12_23_0_]
 - 2017-01-26 13:31:57 [main] TRACE o.h.t.descriptor.sql.BasicExtractor - found [null] as column [YWATT13_23_0_]
 - 2017-01-26 13:31:57 [main] TRACE o.h.t.descriptor.sql.BasicExtractor - found [null] as column [YWATT14_23_0_]
 - 2017-01-26 13:31:57 [main] TRACE o.h.t.descriptor.sql.BasicExtractor - found [URC32_10016_ALM16] as column [YWATT15_23_0_]
 - 2017-01-26 13:31:57 [main] TRACE o.h.t.descriptor.sql.BasicExtractor - found [URC1P.06.60.147 - MOSe - Conduzione funzionale e assistenza applicativa - GA - IV TRIM] as column [YWATT16_23_0_]
 - 2017-01-26 13:31:57 [main] TRACE o.h.t.descriptor.sql.BasicExtractor - found [null] as column [YWATT17_23_0_]
 - 2017-01-26 13:31:57 [main] TRACE o.h.t.descriptor.sql.BasicExtractor - found [null] as column [YWATT18_23_0_]
 - 2017-01-26 13:31:57 [main] TRACE o.h.t.descriptor.sql.BasicExtractor - found [null] as column [YWATT19_23_0_]
 - 2017-01-26 13:31:57 [main] TRACE o.h.t.descriptor.sql.BasicExtractor - found [null] as column [YWATT20_23_0_]
 - 2017-01-26 13:31:57 [main] TRACE o.h.t.descriptor.sql.BasicExtractor - found [null] as column [YWATT21_23_0_]
 - 2017-01-26 13:31:57 [main] TRACE o.h.t.descriptor.sql.BasicExtractor - found [null] as column [YWATT22_23_0_]
 - 2017-01-26 13:31:57 [main] TRACE o.h.t.descriptor.sql.BasicExtractor - found [null] as column [YWATT23_23_0_]
 - 2017-01-26 13:31:57 [main] TRACE o.h.t.descriptor.sql.BasicExtractor - found [null] as column [YWATT24_23_0_]
 - 2017-01-26 13:31:57 [main] TRACE o.h.t.descriptor.sql.BasicExtractor - found [null] as column [YWATT25_23_0_]
 - 2017-01-26 13:31:57 [main] TRACE o.h.t.descriptor.sql.BasicExtractor - found [null] as column [YWATT26_23_0_]
 - 2017-01-26 13:31:57 [main] TRACE o.h.t.descriptor.sql.BasicExtractor - found [null] as column [YWATT27_23_0_]
 - 2017-01-26 13:31:57 [main] TRACE o.h.t.descriptor.sql.BasicExtractor - found [null] as column [YWATT28_23_0_]
 - 2017-01-26 13:31:57 [main] TRACE o.h.t.descriptor.sql.BasicExtractor - found [null] as column [YWATT29_23_0_]
 - 2017-01-26 13:31:57 [main] TRACE o.h.t.descriptor.sql.BasicExtractor - found [null] as column [YWATT30_23_0_]
 - 2017-01-26 13:31:57 [main] TRACE o.h.t.descriptor.sql.BasicExtractor - found [null] as column [YWATT31_23_0_]
 - 2017-01-26 13:31:57 [main] TRACE o.h.t.descriptor.sql.BasicExtractor - found [null] as column [YWATT32_23_0_]
 - 2017-01-26 13:31:57 [main] TRACE o.h.t.descriptor.sql.BasicExtractor - found [null] as column [YWATT33_23_0_]
 - 2017-01-26 13:31:57 [main] TRACE o.h.t.descriptor.sql.BasicExtractor - found [null] as column [YWATT34_23_0_]
 - 2017-01-26 13:31:57 [main] TRACE o.h.t.descriptor.sql.BasicExtractor - found [null] as column [YWATT35_23_0_]
 - 2017-01-26 13:31:57 [main] TRACE o.h.t.descriptor.sql.BasicExtractor - found [null] as column [YWATT36_23_0_]
 - 2017-01-26 13:31:57 [main] TRACE o.h.t.descriptor.sql.BasicExtractor - found [null] as column [YWATT37_23_0_]
 - 2017-01-26 13:31:57 [main] TRACE o.h.t.descriptor.sql.BasicExtractor - found [null] as column [YWATT38_23_0_]
 - 2017-01-26 13:31:57 [main] TRACE o.h.t.descriptor.sql.BasicExtractor - found [null] as column [YWATT39_23_0_]
 - 2017-01-26 13:31:57 [main] TRACE o.h.t.descriptor.sql.BasicExtractor - found [null] as column [YWATT40_23_0_]
 - 2017-01-26 13:31:57 [main] TRACE o.h.t.descriptor.sql.BasicExtractor - found [null] as column [YWATT41_23_0_]
 - 2017-01-26 13:31:57 [main] TRACE o.h.t.descriptor.sql.BasicExtractor - found [null] as column [YWATT42_23_0_]
 - 2017-01-26 13:31:57 [main] TRACE o.h.t.descriptor.sql.BasicExtractor - found [null] as column [YWATT43_23_0_]
 - 2017-01-26 13:31:57 [main] TRACE o.h.t.descriptor.sql.BasicExtractor - found [null] as column [YWATT44_23_0_]
 - 2017-01-26 13:31:57 [main] TRACE o.h.t.descriptor.sql.BasicExtractor - found [null] as column [YWATT45_23_0_]
 - 2017-01-26 13:31:57 [main] TRACE o.h.t.descriptor.sql.BasicExtractor - found [null] as column [YWATT46_23_0_]
 - 2017-01-26 13:31:57 [main] TRACE o.h.t.descriptor.sql.BasicExtractor - found [2016-11-30 00:00:00.0] as column [YWATT47_23_0_]
 - 2017-01-26 13:31:57 [main] TRACE o.h.t.descriptor.sql.BasicExtractor - found [2016-11-30 00:00:00.0] as column [YWATT48_23_0_]
 - 2017-01-26 13:31:57 [main] TRACE o.h.t.descriptor.sql.BasicExtractor - found [Paola Greco] as column [YWATT49_23_0_]
 - 2017-01-26 13:34:35 [main] DEBUG org.hibernate.SQL - select this_.YWATT_COD_ATTIVITA_PK as YWATT1_23_0_, this_.YWATT_YWAVA_COD_AVA_PK as YWATT2_23_0_, this_.YWATT_YWSER_COD_SER_PK as YWATT3_23_0_, this_.YWATT_YWTCN_COD_TIPOCONT_PK as YWATT4_23_0_, this_.YWATT_COD_WBSCOGE as YWATT5_23_0_, this_.YWATT_COD_INTERVENTO as YWATT6_23_0_, this_.YWATT_DESCS_AREACONTR as YWATT7_23_0_, this_.YWATT_DESCS_AREAAPP as YWATT8_23_0_, this_.YWATT_DESCS_AREAINPS as YWATT9_23_0_, this_.YWATT_DENOM_AMBAPP as YWATT10_23_0_, this_.YWATT_COD_DIREZIONE as YWATT11_23_0_, this_.YWATT_DENOM_LINEAINT as YWATT12_23_0_, this_.YWATT_DESCS_AMBFUNZ as YWATT13_23_0_, this_.YWATT_COD_PIANOFORN as YWATT14_23_0_, this_.YWATT_COD_GECOSSU as YWATT15_23_0_, this_.YWATT_DESCS_NMSCHEDA as YWATT16_23_0_, this_.YWATT_DESCR_PROGETTO as YWATT17_23_0_, this_.YWATT_DENOM_RESPINPS as YWATT18_23_0_, this_.YWATT_DENOM_REFINPS as YWATT19_23_0_, this_.YWATT_DESCS_SERVIZIO as YWATT20_23_0_, this_.YWATT_DENOM_TIPSERV as YWATT21_23_0_, this_.YWATT_DENOM_CAPPRG as YWATT22_23_0_, this_.YWATT_DENOM_CAPPRGRIF as YWATT23_23_0_, this_.YWATT_COD_STATOLAV as YWATT24_23_0_, this_.YWATT_DATA_APERTSSU as YWATT25_23_0_, this_.YWATT_DATA_CHIUSSSU as YWATT26_23_0_, this_.YWATT_DATA_RIPIANWBS as YWATT27_23_0_, this_.YWATT_NUM_SEMATTIVAZ as YWATT28_23_0_, this_.YWATT_DATA_CONSRQPIAN as YWATT29_23_0_, this_.YWATT_DATA_CONSRQEFF as YWATT30_23_0_, this_.YWATT_DATA_COLLPIAN as YWATT31_23_0_, this_.YWATT_DATA_COLLEFF as YWATT32_23_0_, this_.YWATT_DATA_INIZCOLL as YWATT33_23_0_, this_.YWATT_DATA_FINECOLL as YWATT34_23_0_, this_.YWATT_DATA_AVVESEEFF as YWATT35_23_0_, this_.YWATT_COD_TIPOINT as YWATT36_23_0_, this_.YWATT_NOTE_TECNICHE as YWATT37_23_0_, this_.YWATT_NOTE_GENERALI as YWATT38_23_0_, this_.YWATT_DESCR_SCADIST as YWATT39_23_0_, this_.YWATT_NUM_ID as YWATT40_23_0_, this_.YWATT_NUM_PRIORITA as YWATT41_23_0_, this_.YWATT_DESCS_MACROATT as YWATT42_23_0_, this_.YWATT_DESCS_PRESCOGE as YWATT43_23_0_, this_.YWATT_DATA_SAL as YWATT44_23_0_, this_.YWATT_IMP_CONSUNTIVO as YWATT45_23_0_, this_.YWATT_PERC_FASECONS as YWATT46_23_0_, this_.YWATT_DATA_CREAZ as YWATT47_23_0_, this_.YWATT_DATA_UPDATE as YWATT48_23_0_, this_.YWATT_COD_USER as YWATT49_23_0_ from yw_ecl_esercizio.tb_ywatt_attivita_cl this_
 - 2017-01-26 13:34:35 [main] TRACE o.h.t.descriptor.sql.BasicExtractor - found [1] as column [YWATT1_23_0_]
 - 2017-01-26 13:34:35 [main] TRACE o.h.t.descriptor.sql.BasicExtractor - found [null] as column [YWATT2_23_0_]
 - 2017-01-26 13:34:35 [main] TRACE o.h.t.descriptor.sql.BasicExtractor - found [6] as column [YWATT3_23_0_]
 - 2017-01-26 13:34:35 [main] TRACE o.h.t.descriptor.sql.BasicExtractor - found [2] as column [YWATT4_23_0_]
 - 2017-01-26 13:34:35 [main] TRACE o.h.t.descriptor.sql.BasicExtractor - found [05.60.106] as column [YWATT5_23_0_]
 - 2017-01-26 13:34:35 [main] TRACE o.h.t.descriptor.sql.BasicExtractor - found [URC1.05.60.106] as column [YWATT6_23_0_]
 - 2017-01-26 13:34:35 [main] TRACE o.h.t.descriptor.sql.BasicExtractor - found [null] as column [YWATT7_23_0_]
 - 2017-01-26 13:34:35 [main] TRACE o.h.t.descriptor.sql.BasicExtractor - found [null] as column [YWATT8_23_0_]
 - 2017-01-26 13:34:35 [main] TRACE o.h.t.descriptor.sql.BasicExtractor - found [null] as column [YWATT9_23_0_]
 - 2017-01-26 13:34:35 [main] TRACE o.h.t.descriptor.sql.BasicExtractor - found [null] as column [YWATT10_23_0_]
 - 2017-01-26 13:34:35 [main] TRACE o.h.t.descriptor.sql.BasicExtractor - found [null] as column [YWATT11_23_0_]
 - 2017-01-26 13:34:35 [main] TRACE o.h.t.descriptor.sql.BasicExtractor - found [null] as column [YWATT12_23_0_]
 - 2017-01-26 13:34:35 [main] TRACE o.h.t.descriptor.sql.BasicExtractor - found [null] as column [YWATT13_23_0_]
 - 2017-01-26 13:34:35 [main] TRACE o.h.t.descriptor.sql.BasicExtractor - found [null] as column [YWATT14_23_0_]
 - 2017-01-26 13:34:35 [main] TRACE o.h.t.descriptor.sql.BasicExtractor - found [URC12_11632_ALM16] as column [YWATT15_23_0_]
 - 2017-01-26 13:34:35 [main] TRACE o.h.t.descriptor.sql.BasicExtractor - found [URC1.05.60.106 - MOSe Platform 3.3 - Anagrafe debitore MAV - SST] as column [YWATT16_23_0_]
 - 2017-01-26 13:34:35 [main] TRACE o.h.t.descriptor.sql.BasicExtractor - found [null] as column [YWATT17_23_0_]
 - 2017-01-26 13:34:35 [main] TRACE o.h.t.descriptor.sql.BasicExtractor - found [null] as column [YWATT18_23_0_]
 - 2017-01-26 13:34:35 [main] TRACE o.h.t.descriptor.sql.BasicExtractor - found [null] as column [YWATT19_23_0_]
 - 2017-01-26 13:34:35 [main] TRACE o.h.t.descriptor.sql.BasicExtractor - found [null] as column [YWATT20_23_0_]
 - 2017-01-26 13:34:35 [main] TRACE o.h.t.descriptor.sql.BasicExtractor - found [null] as column [YWATT21_23_0_]
 - 2017-01-26 13:34:35 [main] TRACE o.h.t.descriptor.sql.BasicExtractor - found [null] as column [YWATT22_23_0_]
 - 2017-01-26 13:34:35 [main] TRACE o.h.t.descriptor.sql.BasicExtractor - found [null] as column [YWATT23_23_0_]
 - 2017-01-26 13:34:35 [main] TRACE o.h.t.descriptor.sql.BasicExtractor - found [null] as column [YWATT24_23_0_]
 - 2017-01-26 13:34:35 [main] TRACE o.h.t.descriptor.sql.BasicExtractor - found [null] as column [YWATT25_23_0_]
 - 2017-01-26 13:34:35 [main] TRACE o.h.t.descriptor.sql.BasicExtractor - found [null] as column [YWATT26_23_0_]
 - 2017-01-26 13:34:35 [main] TRACE o.h.t.descriptor.sql.BasicExtractor - found [null] as column [YWATT27_23_0_]
 - 2017-01-26 13:34:35 [main] TRACE o.h.t.descriptor.sql.BasicExtractor - found [null] as column [YWATT28_23_0_]
 - 2017-01-26 13:34:35 [main] TRACE o.h.t.descriptor.sql.BasicExtractor - found [null] as column [YWATT29_23_0_]
 - 2017-01-26 13:34:35 [main] TRACE o.h.t.descriptor.sql.BasicExtractor - found [null] as column [YWATT30_23_0_]
 - 2017-01-26 13:34:35 [main] TRACE o.h.t.descriptor.sql.BasicExtractor - found [null] as column [YWATT31_23_0_]
 - 2017-01-26 13:34:35 [main] TRACE o.h.t.descriptor.sql.BasicExtractor - found [null] as column [YWATT32_23_0_]
 - 2017-01-26 13:34:35 [main] TRACE o.h.t.descriptor.sql.BasicExtractor - found [null] as column [YWATT33_23_0_]
 - 2017-01-26 13:34:35 [main] TRACE o.h.t.descriptor.sql.BasicExtractor - found [null] as column [YWATT34_23_0_]
 - 2017-01-26 13:34:35 [main] TRACE o.h.t.descriptor.sql.BasicExtractor - found [null] as column [YWATT35_23_0_]
 - 2017-01-26 13:34:35 [main] TRACE o.h.t.descriptor.sql.BasicExtractor - found [null] as column [YWATT36_23_0_]
 - 2017-01-26 13:34:35 [main] TRACE o.h.t.descriptor.sql.BasicExtractor - found [null] as column [YWATT37_23_0_]
 - 2017-01-26 13:34:35 [main] TRACE o.h.t.descriptor.sql.BasicExtractor - found [null] as column [YWATT38_23_0_]
 - 2017-01-26 13:34:35 [main] TRACE o.h.t.descriptor.sql.BasicExtractor - found [null] as column [YWATT39_23_0_]
 - 2017-01-26 13:34:35 [main] TRACE o.h.t.descriptor.sql.BasicExtractor - found [null] as column [YWATT40_23_0_]
 - 2017-01-26 13:34:35 [main] TRACE o.h.t.descriptor.sql.BasicExtractor - found [null] as column [YWATT41_23_0_]
 - 2017-01-26 13:34:35 [main] TRACE o.h.t.descriptor.sql.BasicExtractor - found [null] as column [YWATT42_23_0_]
 - 2017-01-26 13:34:35 [main] TRACE o.h.t.descriptor.sql.BasicExtractor - found [null] as column [YWATT43_23_0_]
 - 2017-01-26 13:34:35 [main] TRACE o.h.t.descriptor.sql.BasicExtractor - found [null] as column [YWATT44_23_0_]
 - 2017-01-26 13:34:35 [main] TRACE o.h.t.descriptor.sql.BasicExtractor - found [null] as column [YWATT45_23_0_]
 - 2017-01-26 13:34:35 [main] TRACE o.h.t.descriptor.sql.BasicExtractor - found [null] as column [YWATT46_23_0_]
 - 2017-01-26 13:34:35 [main] TRACE o.h.t.descriptor.sql.BasicExtractor - found [2016-11-30 00:00:00.0] as column [YWATT47_23_0_]
 - 2017-01-26 13:34:35 [main] TRACE o.h.t.descriptor.sql.BasicExtractor - found [2016-11-30 00:00:00.0] as column [YWATT48_23_0_]
 - 2017-01-26 13:34:35 [main] TRACE o.h.t.descriptor.sql.BasicExtractor - found [Paola Greco] as column [YWATT49_23_0_]
 - 2017-01-26 13:34:35 [main] TRACE o.h.t.descriptor.sql.BasicExtractor - found [2] as column [YWATT1_23_0_]
 - 2017-01-26 13:34:35 [main] TRACE o.h.t.descriptor.sql.BasicExtractor - found [null] as column [YWATT2_23_0_]
 - 2017-01-26 13:34:35 [main] TRACE o.h.t.descriptor.sql.BasicExtractor - found [5] as column [YWATT3_23_0_]
 - 2017-01-26 13:34:35 [main] TRACE o.h.t.descriptor.sql.BasicExtractor - found [2] as column [YWATT4_23_0_]
 - 2017-01-26 13:34:35 [main] TRACE o.h.t.descriptor.sql.BasicExtractor - found [06.60.120] as column [YWATT5_23_0_]
 - 2017-01-26 13:34:35 [main] TRACE o.h.t.descriptor.sql.BasicExtractor - found [URC1Q.06.60.120] as column [YWATT6_23_0_]
 - 2017-01-26 13:34:35 [main] TRACE o.h.t.descriptor.sql.BasicExtractor - found [null] as column [YWATT7_23_0_]
 - 2017-01-26 13:34:35 [main] TRACE o.h.t.descriptor.sql.BasicExtractor - found [null] as column [YWATT8_23_0_]
 - 2017-01-26 13:34:35 [main] TRACE o.h.t.descriptor.sql.BasicExtractor - found [null] as column [YWATT9_23_0_]
 - 2017-01-26 13:34:35 [main] TRACE o.h.t.descriptor.sql.BasicExtractor - found [null] as column [YWATT10_23_0_]
 - 2017-01-26 13:34:35 [main] TRACE o.h.t.descriptor.sql.BasicExtractor - found [null] as column [YWATT11_23_0_]
 - 2017-01-26 13:34:35 [main] TRACE o.h.t.descriptor.sql.BasicExtractor - found [null] as column [YWATT12_23_0_]
 - 2017-01-26 13:34:35 [main] TRACE o.h.t.descriptor.sql.BasicExtractor - found [null] as column [YWATT13_23_0_]
 - 2017-01-26 13:34:35 [main] TRACE o.h.t.descriptor.sql.BasicExtractor - found [null] as column [YWATT14_23_0_]
 - 2017-01-26 13:34:35 [main] TRACE o.h.t.descriptor.sql.BasicExtractor - found [URC22_11311_ALM16] as column [YWATT15_23_0_]
 - 2017-01-26 13:34:35 [main] TRACE o.h.t.descriptor.sql.BasicExtractor - found [URC1Q.06.60.120 - MOSe Platform 3.3 -  Anagrafe debitore MAV  - GA] as column [YWATT16_23_0_]
 - 2017-01-26 13:34:35 [main] TRACE o.h.t.descriptor.sql.BasicExtractor - found [null] as column [YWATT17_23_0_]
 - 2017-01-26 13:34:35 [main] TRACE o.h.t.descriptor.sql.BasicExtractor - found [null] as column [YWATT18_23_0_]
 - 2017-01-26 13:34:35 [main] TRACE o.h.t.descriptor.sql.BasicExtractor - found [null] as column [YWATT19_23_0_]
 - 2017-01-26 13:34:35 [main] TRACE o.h.t.descriptor.sql.BasicExtractor - found [null] as column [YWATT20_23_0_]
 - 2017-01-26 13:34:35 [main] TRACE o.h.t.descriptor.sql.BasicExtractor - found [null] as column [YWATT21_23_0_]
 - 2017-01-26 13:34:35 [main] TRACE o.h.t.descriptor.sql.BasicExtractor - found [null] as column [YWATT22_23_0_]
 - 2017-01-26 13:34:35 [main] TRACE o.h.t.descriptor.sql.BasicExtractor - found [null] as column [YWATT23_23_0_]
 - 2017-01-26 13:34:35 [main] TRACE o.h.t.descriptor.sql.BasicExtractor - found [null] as column [YWATT24_23_0_]
 - 2017-01-26 13:34:35 [main] TRACE o.h.t.descriptor.sql.BasicExtractor - found [null] as column [YWATT25_23_0_]
 - 2017-01-26 13:34:35 [main] TRACE o.h.t.descriptor.sql.BasicExtractor - found [null] as column [YWATT26_23_0_]
 - 2017-01-26 13:34:35 [main] TRACE o.h.t.descriptor.sql.BasicExtractor - found [null] as column [YWATT27_23_0_]
 - 2017-01-26 13:34:35 [main] TRACE o.h.t.descriptor.sql.BasicExtractor - found [null] as column [YWATT28_23_0_]
 - 2017-01-26 13:34:35 [main] TRACE o.h.t.descriptor.sql.BasicExtractor - found [null] as column [YWATT29_23_0_]
 - 2017-01-26 13:34:35 [main] TRACE o.h.t.descriptor.sql.BasicExtractor - found [null] as column [YWATT30_23_0_]
 - 2017-01-26 13:34:35 [main] TRACE o.h.t.descriptor.sql.BasicExtractor - found [null] as column [YWATT31_23_0_]
 - 2017-01-26 13:34:35 [main] TRACE o.h.t.descriptor.sql.BasicExtractor - found [null] as column [YWATT32_23_0_]
 - 2017-01-26 13:34:35 [main] TRACE o.h.t.descriptor.sql.BasicExtractor - found [null] as column [YWATT33_23_0_]
 - 2017-01-26 13:34:35 [main] TRACE o.h.t.descriptor.sql.BasicExtractor - found [null] as column [YWATT34_23_0_]
 - 2017-01-26 13:34:35 [main] TRACE o.h.t.descriptor.sql.BasicExtractor - found [null] as column [YWATT35_23_0_]
 - 2017-01-26 13:34:35 [main] TRACE o.h.t.descriptor.sql.BasicExtractor - found [null] as column [YWATT36_23_0_]
 - 2017-01-26 13:34:35 [main] TRACE o.h.t.descriptor.sql.BasicExtractor - found [null] as column [YWATT37_23_0_]
 - 2017-01-26 13:34:35 [main] TRACE o.h.t.descriptor.sql.BasicExtractor - found [null] as column [YWATT38_23_0_]
 - 2017-01-26 13:34:35 [main] TRACE o.h.t.descriptor.sql.BasicExtractor - found [null] as column [YWATT39_23_0_]
 - 2017-01-26 13:34:35 [main] TRACE o.h.t.descriptor.sql.BasicExtractor - found [null] as column [YWATT40_23_0_]
 - 2017-01-26 13:34:35 [main] TRACE o.h.t.descriptor.sql.BasicExtractor - found [null] as column [YWATT41_23_0_]
 - 2017-01-26 13:34:35 [main] TRACE o.h.t.descriptor.sql.BasicExtractor - found [null] as column [YWATT42_23_0_]
 - 2017-01-26 13:34:35 [main] TRACE o.h.t.descriptor.sql.BasicExtractor - found [null] as column [YWATT43_23_0_]
 - 2017-01-26 13:34:35 [main] TRACE o.h.t.descriptor.sql.BasicExtractor - found [null] as column [YWATT44_23_0_]
 - 2017-01-26 13:34:35 [main] TRACE o.h.t.descriptor.sql.BasicExtractor - found [null] as column [YWATT45_23_0_]
 - 2017-01-26 13:34:35 [main] TRACE o.h.t.descriptor.sql.BasicExtractor - found [null] as column [YWATT46_23_0_]
 - 2017-01-26 13:34:35 [main] TRACE o.h.t.descriptor.sql.BasicExtractor - found [2016-11-30 00:00:00.0] as column [YWATT47_23_0_]
 - 2017-01-26 13:34:35 [main] TRACE o.h.t.descriptor.sql.BasicExtractor - found [2016-11-30 00:00:00.0] as column [YWATT48_23_0_]
 - 2017-01-26 13:34:35 [main] TRACE o.h.t.descriptor.sql.BasicExtractor - found [Paola Greco] as column [YWATT49_23_0_]
 - 2017-01-26 13:34:35 [main] TRACE o.h.t.descriptor.sql.BasicExtractor - found [3] as column [YWATT1_23_0_]
 - 2017-01-26 13:34:35 [main] TRACE o.h.t.descriptor.sql.BasicExtractor - found [null] as column [YWATT2_23_0_]
 - 2017-01-26 13:34:35 [main] TRACE o.h.t.descriptor.sql.BasicExtractor - found [5] as column [YWATT3_23_0_]
 - 2017-01-26 13:34:35 [main] TRACE o.h.t.descriptor.sql.BasicExtractor - found [2] as column [YWATT4_23_0_]
 - 2017-01-26 13:34:35 [main] TRACE o.h.t.descriptor.sql.BasicExtractor - found [06.60.133] as column [YWATT5_23_0_]
 - 2017-01-26 13:34:35 [main] TRACE o.h.t.descriptor.sql.BasicExtractor - found [URC1Q.06.60.133] as column [YWATT6_23_0_]
 - 2017-01-26 13:34:35 [main] TRACE o.h.t.descriptor.sql.BasicExtractor - found [null] as column [YWATT7_23_0_]
 - 2017-01-26 13:34:35 [main] TRACE o.h.t.descriptor.sql.BasicExtractor - found [null] as column [YWATT8_23_0_]
 - 2017-01-26 13:34:35 [main] TRACE o.h.t.descriptor.sql.BasicExtractor - found [null] as column [YWATT9_23_0_]
 - 2017-01-26 13:34:35 [main] TRACE o.h.t.descriptor.sql.BasicExtractor - found [null] as column [YWATT10_23_0_]
 - 2017-01-26 13:34:35 [main] TRACE o.h.t.descriptor.sql.BasicExtractor - found [null] as column [YWATT11_23_0_]
 - 2017-01-26 13:34:35 [main] TRACE o.h.t.descriptor.sql.BasicExtractor - found [null] as column [YWATT12_23_0_]
 - 2017-01-26 13:34:35 [main] TRACE o.h.t.descriptor.sql.BasicExtractor - found [null] as column [YWATT13_23_0_]
 - 2017-01-26 13:34:35 [main] TRACE o.h.t.descriptor.sql.BasicExtractor - found [null] as column [YWATT14_23_0_]
 - 2017-01-26 13:34:35 [main] TRACE o.h.t.descriptor.sql.BasicExtractor - found [URC22_11346_ALM16] as column [YWATT15_23_0_]
 - 2017-01-26 13:34:35 [main] TRACE o.h.t.descriptor.sql.BasicExtractor - found [URC1Q.06.60.133 - MOSe - Conduzione funzionale e assistenza applicativa - GA  - III TRIM] as column [YWATT16_23_0_]
 - 2017-01-26 13:34:35 [main] TRACE o.h.t.descriptor.sql.BasicExtractor - found [null] as column [YWATT17_23_0_]
 - 2017-01-26 13:34:35 [main] TRACE o.h.t.descriptor.sql.BasicExtractor - found [null] as column [YWATT18_23_0_]
 - 2017-01-26 13:34:35 [main] TRACE o.h.t.descriptor.sql.BasicExtractor - found [null] as column [YWATT19_23_0_]
 - 2017-01-26 13:34:35 [main] TRACE o.h.t.descriptor.sql.BasicExtractor - found [null] as column [YWATT20_23_0_]
 - 2017-01-26 13:34:35 [main] TRACE o.h.t.descriptor.sql.BasicExtractor - found [null] as column [YWATT21_23_0_]
 - 2017-01-26 13:34:35 [main] TRACE o.h.t.descriptor.sql.BasicExtractor - found [null] as column [YWATT22_23_0_]
 - 2017-01-26 13:34:35 [main] TRACE o.h.t.descriptor.sql.BasicExtractor - found [null] as column [YWATT23_23_0_]
 - 2017-01-26 13:34:35 [main] TRACE o.h.t.descriptor.sql.BasicExtractor - found [null] as column [YWATT24_23_0_]
 - 2017-01-26 13:34:35 [main] TRACE o.h.t.descriptor.sql.BasicExtractor - found [null] as column [YWATT25_23_0_]
 - 2017-01-26 13:34:35 [main] TRACE o.h.t.descriptor.sql.BasicExtractor - found [null] as column [YWATT26_23_0_]
 - 2017-01-26 13:34:35 [main] TRACE o.h.t.descriptor.sql.BasicExtractor - found [null] as column [YWATT27_23_0_]
 - 2017-01-26 13:34:35 [main] TRACE o.h.t.descriptor.sql.BasicExtractor - found [null] as column [YWATT28_23_0_]
 - 2017-01-26 13:34:35 [main] TRACE o.h.t.descriptor.sql.BasicExtractor - found [null] as column [YWATT29_23_0_]
 - 2017-01-26 13:34:35 [main] TRACE o.h.t.descriptor.sql.BasicExtractor - found [null] as column [YWATT30_23_0_]
 - 2017-01-26 13:34:35 [main] TRACE o.h.t.descriptor.sql.BasicExtractor - found [null] as column [YWATT31_23_0_]
 - 2017-01-26 13:34:35 [main] TRACE o.h.t.descriptor.sql.BasicExtractor - found [null] as column [YWATT32_23_0_]
 - 2017-01-26 13:34:35 [main] TRACE o.h.t.descriptor.sql.BasicExtractor - found [null] as column [YWATT33_23_0_]
 - 2017-01-26 13:34:35 [main] TRACE o.h.t.descriptor.sql.BasicExtractor - found [null] as column [YWATT34_23_0_]
 - 2017-01-26 13:34:35 [main] TRACE o.h.t.descriptor.sql.BasicExtractor - found [null] as column [YWATT35_23_0_]
 - 2017-01-26 13:34:35 [main] TRACE o.h.t.descriptor.sql.BasicExtractor - found [null] as column [YWATT36_23_0_]
 - 2017-01-26 13:34:35 [main] TRACE o.h.t.descriptor.sql.BasicExtractor - found [null] as column [YWATT37_23_0_]
 - 2017-01-26 13:34:35 [main] TRACE o.h.t.descriptor.sql.BasicExtractor - found [null] as column [YWATT38_23_0_]
 - 2017-01-26 13:34:35 [main] TRACE o.h.t.descriptor.sql.BasicExtractor - found [null] as column [YWATT39_23_0_]
 - 2017-01-26 13:34:35 [main] TRACE o.h.t.descriptor.sql.BasicExtractor - found [null] as column [YWATT40_23_0_]
 - 2017-01-26 13:34:35 [main] TRACE o.h.t.descriptor.sql.BasicExtractor - found [null] as column [YWATT41_23_0_]
 - 2017-01-26 13:34:35 [main] TRACE o.h.t.descriptor.sql.BasicExtractor - found [null] as column [YWATT42_23_0_]
 - 2017-01-26 13:34:35 [main] TRACE o.h.t.descriptor.sql.BasicExtractor - found [null] as column [YWATT43_23_0_]
 - 2017-01-26 13:34:35 [main] TRACE o.h.t.descriptor.sql.BasicExtractor - found [null] as column [YWATT44_23_0_]
 - 2017-01-26 13:34:35 [main] TRACE o.h.t.descriptor.sql.BasicExtractor - found [null] as column [YWATT45_23_0_]
 - 2017-01-26 13:34:35 [main] TRACE o.h.t.descriptor.sql.BasicExtractor - found [null] as column [YWATT46_23_0_]
 - 2017-01-26 13:34:35 [main] TRACE o.h.t.descriptor.sql.BasicExtractor - found [2016-11-30 00:00:00.0] as column [YWATT47_23_0_]
 - 2017-01-26 13:34:35 [main] TRACE o.h.t.descriptor.sql.BasicExtractor - found [2016-11-30 00:00:00.0] as column [YWATT48_23_0_]
 - 2017-01-26 13:34:35 [main] TRACE o.h.t.descriptor.sql.BasicExtractor - found [Paola Greco] as column [YWATT49_23_0_]
 - 2017-01-26 13:34:35 [main] TRACE o.h.t.descriptor.sql.BasicExtractor - found [4] as column [YWATT1_23_0_]
 - 2017-01-26 13:34:35 [main] TRACE o.h.t.descriptor.sql.BasicExtractor - found [null] as column [YWATT2_23_0_]
 - 2017-01-26 13:34:35 [main] TRACE o.h.t.descriptor.sql.BasicExtractor - found [5] as column [YWATT3_23_0_]
 - 2017-01-26 13:34:35 [main] TRACE o.h.t.descriptor.sql.BasicExtractor - found [2] as column [YWATT4_23_0_]
 - 2017-01-26 13:34:35 [main] TRACE o.h.t.descriptor.sql.BasicExtractor - found [06.60.152] as column [YWATT5_23_0_]
 - 2017-01-26 13:34:35 [main] TRACE o.h.t.descriptor.sql.BasicExtractor - found [URC1P.06.60.152] as column [YWATT6_23_0_]
 - 2017-01-26 13:34:35 [main] TRACE o.h.t.descriptor.sql.BasicExtractor - found [null] as column [YWATT7_23_0_]
 - 2017-01-26 13:34:35 [main] TRACE o.h.t.descriptor.sql.BasicExtractor - found [null] as column [YWATT8_23_0_]
 - 2017-01-26 13:34:35 [main] TRACE o.h.t.descriptor.sql.BasicExtractor - found [null] as column [YWATT9_23_0_]
 - 2017-01-26 13:34:35 [main] TRACE o.h.t.descriptor.sql.BasicExtractor - found [null] as column [YWATT10_23_0_]
 - 2017-01-26 13:34:35 [main] TRACE o.h.t.descriptor.sql.BasicExtractor - found [null] as column [YWATT11_23_0_]
 - 2017-01-26 13:34:35 [main] TRACE o.h.t.descriptor.sql.BasicExtractor - found [null] as column [YWATT12_23_0_]
 - 2017-01-26 13:34:35 [main] TRACE o.h.t.descriptor.sql.BasicExtractor - found [null] as column [YWATT13_23_0_]
 - 2017-01-26 13:34:35 [main] TRACE o.h.t.descriptor.sql.BasicExtractor - found [null] as column [YWATT14_23_0_]
 - 2017-01-26 13:34:35 [main] TRACE o.h.t.descriptor.sql.BasicExtractor - found [URC32_10013_ALM16] as column [YWATT15_23_0_]
 - 2017-01-26 13:34:35 [main] TRACE o.h.t.descriptor.sql.BasicExtractor - found [URC1P.06.60.152 - NoE - Conduzione funzionale e assistenza applicativa - GA] as column [YWATT16_23_0_]
 - 2017-01-26 13:34:35 [main] TRACE o.h.t.descriptor.sql.BasicExtractor - found [null] as column [YWATT17_23_0_]
 - 2017-01-26 13:34:35 [main] TRACE o.h.t.descriptor.sql.BasicExtractor - found [null] as column [YWATT18_23_0_]
 - 2017-01-26 13:34:35 [main] TRACE o.h.t.descriptor.sql.BasicExtractor - found [null] as column [YWATT19_23_0_]
 - 2017-01-26 13:34:35 [main] TRACE o.h.t.descriptor.sql.BasicExtractor - found [null] as column [YWATT20_23_0_]
 - 2017-01-26 13:34:35 [main] TRACE o.h.t.descriptor.sql.BasicExtractor - found [null] as column [YWATT21_23_0_]
 - 2017-01-26 13:34:35 [main] TRACE o.h.t.descriptor.sql.BasicExtractor - found [null] as column [YWATT22_23_0_]
 - 2017-01-26 13:34:35 [main] TRACE o.h.t.descriptor.sql.BasicExtractor - found [null] as column [YWATT23_23_0_]
 - 2017-01-26 13:34:35 [main] TRACE o.h.t.descriptor.sql.BasicExtractor - found [null] as column [YWATT24_23_0_]
 - 2017-01-26 13:34:35 [main] TRACE o.h.t.descriptor.sql.BasicExtractor - found [null] as column [YWATT25_23_0_]
 - 2017-01-26 13:34:35 [main] TRACE o.h.t.descriptor.sql.BasicExtractor - found [null] as column [YWATT26_23_0_]
 - 2017-01-26 13:34:35 [main] TRACE o.h.t.descriptor.sql.BasicExtractor - found [null] as column [YWATT27_23_0_]
 - 2017-01-26 13:34:35 [main] TRACE o.h.t.descriptor.sql.BasicExtractor - found [null] as column [YWATT28_23_0_]
 - 2017-01-26 13:34:35 [main] TRACE o.h.t.descriptor.sql.BasicExtractor - found [null] as column [YWATT29_23_0_]
 - 2017-01-26 13:34:35 [main] TRACE o.h.t.descriptor.sql.BasicExtractor - found [null] as column [YWATT30_23_0_]
 - 2017-01-26 13:34:35 [main] TRACE o.h.t.descriptor.sql.BasicExtractor - found [null] as column [YWATT31_23_0_]
 - 2017-01-26 13:34:35 [main] TRACE o.h.t.descriptor.sql.BasicExtractor - found [null] as column [YWATT32_23_0_]
 - 2017-01-26 13:34:35 [main] TRACE o.h.t.descriptor.sql.BasicExtractor - found [null] as column [YWATT33_23_0_]
 - 2017-01-26 13:34:35 [main] TRACE o.h.t.descriptor.sql.BasicExtractor - found [null] as column [YWATT34_23_0_]
 - 2017-01-26 13:34:35 [main] TRACE o.h.t.descriptor.sql.BasicExtractor - found [null] as column [YWATT35_23_0_]
 - 2017-01-26 13:34:35 [main] TRACE o.h.t.descriptor.sql.BasicExtractor - found [null] as column [YWATT36_23_0_]
 - 2017-01-26 13:34:35 [main] TRACE o.h.t.descriptor.sql.BasicExtractor - found [null] as column [YWATT37_23_0_]
 - 2017-01-26 13:34:35 [main] TRACE o.h.t.descriptor.sql.BasicExtractor - found [null] as column [YWATT38_23_0_]
 - 2017-01-26 13:34:35 [main] TRACE o.h.t.descriptor.sql.BasicExtractor - found [null] as column [YWATT39_23_0_]
 - 2017-01-26 13:34:35 [main] TRACE o.h.t.descriptor.sql.BasicExtractor - found [null] as column [YWATT40_23_0_]
 - 2017-01-26 13:34:35 [main] TRACE o.h.t.descriptor.sql.BasicExtractor - found [null] as column [YWATT41_23_0_]
 - 2017-01-26 13:34:35 [main] TRACE o.h.t.descriptor.sql.BasicExtractor - found [null] as column [YWATT42_23_0_]
 - 2017-01-26 13:34:35 [main] TRACE o.h.t.descriptor.sql.BasicExtractor - found [null] as column [YWATT43_23_0_]
 - 2017-01-26 13:34:35 [main] TRACE o.h.t.descriptor.sql.BasicExtractor - found [null] as column [YWATT44_23_0_]
 - 2017-01-26 13:34:35 [main] TRACE o.h.t.descriptor.sql.BasicExtractor - found [null] as column [YWATT45_23_0_]
 - 2017-01-26 13:34:35 [main] TRACE o.h.t.descriptor.sql.BasicExtractor - found [null] as column [YWATT46_23_0_]
 - 2017-01-26 13:34:35 [main] TRACE o.h.t.descriptor.sql.BasicExtractor - found [2016-11-30 00:00:00.0] as column [YWATT47_23_0_]
 - 2017-01-26 13:34:35 [main] TRACE o.h.t.descriptor.sql.BasicExtractor - found [2016-11-30 00:00:00.0] as column [YWATT48_23_0_]
 - 2017-01-26 13:34:35 [main] TRACE o.h.t.descriptor.sql.BasicExtractor - found [Paola Greco] as column [YWATT49_23_0_]
 - 2017-01-26 13:34:35 [main] TRACE o.h.t.descriptor.sql.BasicExtractor - found [5] as column [YWATT1_23_0_]
 - 2017-01-26 13:34:35 [main] TRACE o.h.t.descriptor.sql.BasicExtractor - found [null] as column [YWATT2_23_0_]
 - 2017-01-26 13:34:35 [main] TRACE o.h.t.descriptor.sql.BasicExtractor - found [6] as column [YWATT3_23_0_]
 - 2017-01-26 13:34:35 [main] TRACE o.h.t.descriptor.sql.BasicExtractor - found [2] as column [YWATT4_23_0_]
 - 2017-01-26 13:34:35 [main] TRACE o.h.t.descriptor.sql.BasicExtractor - found [05.60.118] as column [YWATT5_23_0_]
 - 2017-01-26 13:34:35 [main] TRACE o.h.t.descriptor.sql.BasicExtractor - found [URC1P.05.60.118] as column [YWATT6_23_0_]
 - 2017-01-26 13:34:35 [main] TRACE o.h.t.descriptor.sql.BasicExtractor - found [null] as column [YWATT7_23_0_]
 - 2017-01-26 13:34:35 [main] TRACE o.h.t.descriptor.sql.BasicExtractor - found [null] as column [YWATT8_23_0_]
 - 2017-01-26 13:34:35 [main] TRACE o.h.t.descriptor.sql.BasicExtractor - found [null] as column [YWATT9_23_0_]
 - 2017-01-26 13:34:35 [main] TRACE o.h.t.descriptor.sql.BasicExtractor - found [null] as column [YWATT10_23_0_]
 - 2017-01-26 13:34:35 [main] TRACE o.h.t.descriptor.sql.BasicExtractor - found [null] as column [YWATT11_23_0_]
 - 2017-01-26 13:34:35 [main] TRACE o.h.t.descriptor.sql.BasicExtractor - found [null] as column [YWATT12_23_0_]
 - 2017-01-26 13:34:35 [main] TRACE o.h.t.descriptor.sql.BasicExtractor - found [null] as column [YWATT13_23_0_]
 - 2017-01-26 13:34:35 [main] TRACE o.h.t.descriptor.sql.BasicExtractor - found [null] as column [YWATT14_23_0_]
 - 2017-01-26 13:34:35 [main] TRACE o.h.t.descriptor.sql.BasicExtractor - found [URC32_10011_ALM16] as column [YWATT15_23_0_]
 - 2017-01-26 13:34:35 [main] TRACE o.h.t.descriptor.sql.BasicExtractor - found [URC1P.05.60.118 - MOSe Platform 3.4 - Nuovo sistema documentale  - SST] as column [YWATT16_23_0_]
 - 2017-01-26 13:34:35 [main] TRACE o.h.t.descriptor.sql.BasicExtractor - found [null] as column [YWATT17_23_0_]
 - 2017-01-26 13:34:35 [main] TRACE o.h.t.descriptor.sql.BasicExtractor - found [null] as column [YWATT18_23_0_]
 - 2017-01-26 13:34:35 [main] TRACE o.h.t.descriptor.sql.BasicExtractor - found [null] as column [YWATT19_23_0_]
 - 2017-01-26 13:34:35 [main] TRACE o.h.t.descriptor.sql.BasicExtractor - found [null] as column [YWATT20_23_0_]
 - 2017-01-26 13:34:35 [main] TRACE o.h.t.descriptor.sql.BasicExtractor - found [null] as column [YWATT21_23_0_]
 - 2017-01-26 13:34:35 [main] TRACE o.h.t.descriptor.sql.BasicExtractor - found [null] as column [YWATT22_23_0_]
 - 2017-01-26 13:34:35 [main] TRACE o.h.t.descriptor.sql.BasicExtractor - found [null] as column [YWATT23_23_0_]
 - 2017-01-26 13:34:35 [main] TRACE o.h.t.descriptor.sql.BasicExtractor - found [null] as column [YWATT24_23_0_]
 - 2017-01-26 13:34:35 [main] TRACE o.h.t.descriptor.sql.BasicExtractor - found [null] as column [YWATT25_23_0_]
 - 2017-01-26 13:34:35 [main] TRACE o.h.t.descriptor.sql.BasicExtractor - found [null] as column [YWATT26_23_0_]
 - 2017-01-26 13:34:35 [main] TRACE o.h.t.descriptor.sql.BasicExtractor - found [null] as column [YWATT27_23_0_]
 - 2017-01-26 13:34:35 [main] TRACE o.h.t.descriptor.sql.BasicExtractor - found [null] as column [YWATT28_23_0_]
 - 2017-01-26 13:34:35 [main] TRACE o.h.t.descriptor.sql.BasicExtractor - found [null] as column [YWATT29_23_0_]
 - 2017-01-26 13:34:35 [main] TRACE o.h.t.descriptor.sql.BasicExtractor - found [null] as column [YWATT30_23_0_]
 - 2017-01-26 13:34:35 [main] TRACE o.h.t.descriptor.sql.BasicExtractor - found [null] as column [YWATT31_23_0_]
 - 2017-01-26 13:34:35 [main] TRACE o.h.t.descriptor.sql.BasicExtractor - found [null] as column [YWATT32_23_0_]
 - 2017-01-26 13:34:35 [main] TRACE o.h.t.descriptor.sql.BasicExtractor - found [null] as column [YWATT33_23_0_]
 - 2017-01-26 13:34:35 [main] TRACE o.h.t.descriptor.sql.BasicExtractor - found [null] as column [YWATT34_23_0_]
 - 2017-01-26 13:34:35 [main] TRACE o.h.t.descriptor.sql.BasicExtractor - found [null] as column [YWATT35_23_0_]
 - 2017-01-26 13:34:35 [main] TRACE o.h.t.descriptor.sql.BasicExtractor - found [null] as column [YWATT36_23_0_]
 - 2017-01-26 13:34:35 [main] TRACE o.h.t.descriptor.sql.BasicExtractor - found [null] as column [YWATT37_23_0_]
 - 2017-01-26 13:34:35 [main] TRACE o.h.t.descriptor.sql.BasicExtractor - found [null] as column [YWATT38_23_0_]
 - 2017-01-26 13:34:35 [main] TRACE o.h.t.descriptor.sql.BasicExtractor - found [null] as column [YWATT39_23_0_]
 - 2017-01-26 13:34:35 [main] TRACE o.h.t.descriptor.sql.BasicExtractor - found [null] as column [YWATT40_23_0_]
 - 2017-01-26 13:34:35 [main] TRACE o.h.t.descriptor.sql.BasicExtractor - found [null] as column [YWATT41_23_0_]
 - 2017-01-26 13:34:35 [main] TRACE o.h.t.descriptor.sql.BasicExtractor - found [null] as column [YWATT42_23_0_]
 - 2017-01-26 13:34:35 [main] TRACE o.h.t.descriptor.sql.BasicExtractor - found [null] as column [YWATT43_23_0_]
 - 2017-01-26 13:34:35 [main] TRACE o.h.t.descriptor.sql.BasicExtractor - found [null] as column [YWATT44_23_0_]
 - 2017-01-26 13:34:35 [main] TRACE o.h.t.descriptor.sql.BasicExtractor - found [null] as column [YWATT45_23_0_]
 - 2017-01-26 13:34:35 [main] TRACE o.h.t.descriptor.sql.BasicExtractor - found [null] as column [YWATT46_23_0_]
 - 2017-01-26 13:34:35 [main] TRACE o.h.t.descriptor.sql.BasicExtractor - found [2016-11-30 00:00:00.0] as column [YWATT47_23_0_]
 - 2017-01-26 13:34:35 [main] TRACE o.h.t.descriptor.sql.BasicExtractor - found [2016-11-30 00:00:00.0] as column [YWATT48_23_0_]
 - 2017-01-26 13:34:35 [main] TRACE o.h.t.descriptor.sql.BasicExtractor - found [Paola Greco] as column [YWATT49_23_0_]
 - 2017-01-26 13:34:35 [main] TRACE o.h.t.descriptor.sql.BasicExtractor - found [6] as column [YWATT1_23_0_]
 - 2017-01-26 13:34:35 [main] TRACE o.h.t.descriptor.sql.BasicExtractor - found [null] as column [YWATT2_23_0_]
 - 2017-01-26 13:34:35 [main] TRACE o.h.t.descriptor.sql.BasicExtractor - found [5] as column [YWATT3_23_0_]
 - 2017-01-26 13:34:35 [main] TRACE o.h.t.descriptor.sql.BasicExtractor - found [2] as column [YWATT4_23_0_]
 - 2017-01-26 13:34:35 [main] TRACE o.h.t.descriptor.sql.BasicExtractor - found [06.60.134] as column [YWATT5_23_0_]
 - 2017-01-26 13:34:35 [main] TRACE o.h.t.descriptor.sql.BasicExtractor - found [URC1P.06.60.134] as column [YWATT6_23_0_]
 - 2017-01-26 13:34:35 [main] TRACE o.h.t.descriptor.sql.BasicExtractor - found [null] as column [YWATT7_23_0_]
 - 2017-01-26 13:34:35 [main] TRACE o.h.t.descriptor.sql.BasicExtractor - found [null] as column [YWATT8_23_0_]
 - 2017-01-26 13:34:35 [main] TRACE o.h.t.descriptor.sql.BasicExtractor - found [null] as column [YWATT9_23_0_]
 - 2017-01-26 13:34:35 [main] TRACE o.h.t.descriptor.sql.BasicExtractor - found [null] as column [YWATT10_23_0_]
 - 2017-01-26 13:34:35 [main] TRACE o.h.t.descriptor.sql.BasicExtractor - found [null] as column [YWATT11_23_0_]
 - 2017-01-26 13:34:35 [main] TRACE o.h.t.descriptor.sql.BasicExtractor - found [null] as column [YWATT12_23_0_]
 - 2017-01-26 13:34:35 [main] TRACE o.h.t.descriptor.sql.BasicExtractor - found [null] as column [YWATT13_23_0_]
 - 2017-01-26 13:34:35 [main] TRACE o.h.t.descriptor.sql.BasicExtractor - found [null] as column [YWATT14_23_0_]
 - 2017-01-26 13:34:35 [main] TRACE o.h.t.descriptor.sql.BasicExtractor - found [URC32_10012_ALM16] as column [YWATT15_23_0_]
 - 2017-01-26 13:34:35 [main] TRACE o.h.t.descriptor.sql.BasicExtractor - found [URC1P.06.60.134 - MOSe Platform 3.4 -  Nuovo sistema documentale  - GA] as column [YWATT16_23_0_]
 - 2017-01-26 13:34:35 [main] TRACE o.h.t.descriptor.sql.BasicExtractor - found [null] as column [YWATT17_23_0_]
 - 2017-01-26 13:34:35 [main] TRACE o.h.t.descriptor.sql.BasicExtractor - found [null] as column [YWATT18_23_0_]
 - 2017-01-26 13:34:35 [main] TRACE o.h.t.descriptor.sql.BasicExtractor - found [null] as column [YWATT19_23_0_]
 - 2017-01-26 13:34:35 [main] TRACE o.h.t.descriptor.sql.BasicExtractor - found [null] as column [YWATT20_23_0_]
 - 2017-01-26 13:34:35 [main] TRACE o.h.t.descriptor.sql.BasicExtractor - found [null] as column [YWATT21_23_0_]
 - 2017-01-26 13:34:35 [main] TRACE o.h.t.descriptor.sql.BasicExtractor - found [null] as column [YWATT22_23_0_]
 - 2017-01-26 13:34:35 [main] TRACE o.h.t.descriptor.sql.BasicExtractor - found [null] as column [YWATT23_23_0_]
 - 2017-01-26 13:34:35 [main] TRACE o.h.t.descriptor.sql.BasicExtractor - found [null] as column [YWATT24_23_0_]
 - 2017-01-26 13:34:35 [main] TRACE o.h.t.descriptor.sql.BasicExtractor - found [null] as column [YWATT25_23_0_]
 - 2017-01-26 13:34:35 [main] TRACE o.h.t.descriptor.sql.BasicExtractor - found [null] as column [YWATT26_23_0_]
 - 2017-01-26 13:34:35 [main] TRACE o.h.t.descriptor.sql.BasicExtractor - found [null] as column [YWATT27_23_0_]
 - 2017-01-26 13:34:35 [main] TRACE o.h.t.descriptor.sql.BasicExtractor - found [null] as column [YWATT28_23_0_]
 - 2017-01-26 13:34:35 [main] TRACE o.h.t.descriptor.sql.BasicExtractor - found [null] as column [YWATT29_23_0_]
 - 2017-01-26 13:34:35 [main] TRACE o.h.t.descriptor.sql.BasicExtractor - found [null] as column [YWATT30_23_0_]
 - 2017-01-26 13:34:35 [main] TRACE o.h.t.descriptor.sql.BasicExtractor - found [null] as column [YWATT31_23_0_]
 - 2017-01-26 13:34:35 [main] TRACE o.h.t.descriptor.sql.BasicExtractor - found [null] as column [YWATT32_23_0_]
 - 2017-01-26 13:34:35 [main] TRACE o.h.t.descriptor.sql.BasicExtractor - found [null] as column [YWATT33_23_0_]
 - 2017-01-26 13:34:35 [main] TRACE o.h.t.descriptor.sql.BasicExtractor - found [null] as column [YWATT34_23_0_]
 - 2017-01-26 13:34:35 [main] TRACE o.h.t.descriptor.sql.BasicExtractor - found [null] as column [YWATT35_23_0_]
 - 2017-01-26 13:34:35 [main] TRACE o.h.t.descriptor.sql.BasicExtractor - found [null] as column [YWATT36_23_0_]
 - 2017-01-26 13:34:35 [main] TRACE o.h.t.descriptor.sql.BasicExtractor - found [null] as column [YWATT37_23_0_]
 - 2017-01-26 13:34:35 [main] TRACE o.h.t.descriptor.sql.BasicExtractor - found [null] as column [YWATT38_23_0_]
 - 2017-01-26 13:34:35 [main] TRACE o.h.t.descriptor.sql.BasicExtractor - found [null] as column [YWATT39_23_0_]
 - 2017-01-26 13:34:35 [main] TRACE o.h.t.descriptor.sql.BasicExtractor - found [null] as column [YWATT40_23_0_]
 - 2017-01-26 13:34:35 [main] TRACE o.h.t.descriptor.sql.BasicExtractor - found [null] as column [YWATT41_23_0_]
 - 2017-01-26 13:34:35 [main] TRACE o.h.t.descriptor.sql.BasicExtractor - found [null] as column [YWATT42_23_0_]
 - 2017-01-26 13:34:35 [main] TRACE o.h.t.descriptor.sql.BasicExtractor - found [null] as column [YWATT43_23_0_]
 - 2017-01-26 13:34:35 [main] TRACE o.h.t.descriptor.sql.BasicExtractor - found [null] as column [YWATT44_23_0_]
 - 2017-01-26 13:34:35 [main] TRACE o.h.t.descriptor.sql.BasicExtractor - found [null] as column [YWATT45_23_0_]
 - 2017-01-26 13:34:35 [main] TRACE o.h.t.descriptor.sql.BasicExtractor - found [null] as column [YWATT46_23_0_]
 - 2017-01-26 13:34:35 [main] TRACE o.h.t.descriptor.sql.BasicExtractor - found [2016-11-30 00:00:00.0] as column [YWATT47_23_0_]
 - 2017-01-26 13:34:35 [main] TRACE o.h.t.descriptor.sql.BasicExtractor - found [2016-11-30 00:00:00.0] as column [YWATT48_23_0_]
 - 2017-01-26 13:34:35 [main] TRACE o.h.t.descriptor.sql.BasicExtractor - found [Paola Greco] as column [YWATT49_23_0_]
 - 2017-01-26 13:34:35 [main] TRACE o.h.t.descriptor.sql.BasicExtractor - found [7] as column [YWATT1_23_0_]
 - 2017-01-26 13:34:35 [main] TRACE o.h.t.descriptor.sql.BasicExtractor - found [null] as column [YWATT2_23_0_]
 - 2017-01-26 13:34:35 [main] TRACE o.h.t.descriptor.sql.BasicExtractor - found [5] as column [YWATT3_23_0_]
 - 2017-01-26 13:34:35 [main] TRACE o.h.t.descriptor.sql.BasicExtractor - found [2] as column [YWATT4_23_0_]
 - 2017-01-26 13:34:35 [main] TRACE o.h.t.descriptor.sql.BasicExtractor - found [06.60.147] as column [YWATT5_23_0_]
 - 2017-01-26 13:34:35 [main] TRACE o.h.t.descriptor.sql.BasicExtractor - found [URC1P.06.60.147] as column [YWATT6_23_0_]
 - 2017-01-26 13:34:35 [main] TRACE o.h.t.descriptor.sql.BasicExtractor - found [null] as column [YWATT7_23_0_]
 - 2017-01-26 13:34:35 [main] TRACE o.h.t.descriptor.sql.BasicExtractor - found [null] as column [YWATT8_23_0_]
 - 2017-01-26 13:34:35 [main] TRACE o.h.t.descriptor.sql.BasicExtractor - found [null] as column [YWATT9_23_0_]
 - 2017-01-26 13:34:35 [main] TRACE o.h.t.descriptor.sql.BasicExtractor - found [null] as column [YWATT10_23_0_]
 - 2017-01-26 13:34:35 [main] TRACE o.h.t.descriptor.sql.BasicExtractor - found [null] as column [YWATT11_23_0_]
 - 2017-01-26 13:34:35 [main] TRACE o.h.t.descriptor.sql.BasicExtractor - found [null] as column [YWATT12_23_0_]
 - 2017-01-26 13:34:35 [main] TRACE o.h.t.descriptor.sql.BasicExtractor - found [null] as column [YWATT13_23_0_]
 - 2017-01-26 13:34:35 [main] TRACE o.h.t.descriptor.sql.BasicExtractor - found [null] as column [YWATT14_23_0_]
 - 2017-01-26 13:34:35 [main] TRACE o.h.t.descriptor.sql.BasicExtractor - found [URC32_10016_ALM16] as column [YWATT15_23_0_]
 - 2017-01-26 13:34:35 [main] TRACE o.h.t.descriptor.sql.BasicExtractor - found [URC1P.06.60.147 - MOSe - Conduzione funzionale e assistenza applicativa - GA - IV TRIM] as column [YWATT16_23_0_]
 - 2017-01-26 13:34:35 [main] TRACE o.h.t.descriptor.sql.BasicExtractor - found [null] as column [YWATT17_23_0_]
 - 2017-01-26 13:34:35 [main] TRACE o.h.t.descriptor.sql.BasicExtractor - found [null] as column [YWATT18_23_0_]
 - 2017-01-26 13:34:35 [main] TRACE o.h.t.descriptor.sql.BasicExtractor - found [null] as column [YWATT19_23_0_]
 - 2017-01-26 13:34:35 [main] TRACE o.h.t.descriptor.sql.BasicExtractor - found [null] as column [YWATT20_23_0_]
 - 2017-01-26 13:34:35 [main] TRACE o.h.t.descriptor.sql.BasicExtractor - found [null] as column [YWATT21_23_0_]
 - 2017-01-26 13:34:35 [main] TRACE o.h.t.descriptor.sql.BasicExtractor - found [null] as column [YWATT22_23_0_]
 - 2017-01-26 13:34:35 [main] TRACE o.h.t.descriptor.sql.BasicExtractor - found [null] as column [YWATT23_23_0_]
 - 2017-01-26 13:34:35 [main] TRACE o.h.t.descriptor.sql.BasicExtractor - found [null] as column [YWATT24_23_0_]
 - 2017-01-26 13:34:35 [main] TRACE o.h.t.descriptor.sql.BasicExtractor - found [null] as column [YWATT25_23_0_]
 - 2017-01-26 13:34:35 [main] TRACE o.h.t.descriptor.sql.BasicExtractor - found [null] as column [YWATT26_23_0_]
 - 2017-01-26 13:34:35 [main] TRACE o.h.t.descriptor.sql.BasicExtractor - found [null] as column [YWATT27_23_0_]
 - 2017-01-26 13:34:35 [main] TRACE o.h.t.descriptor.sql.BasicExtractor - found [null] as column [YWATT28_23_0_]
 - 2017-01-26 13:34:35 [main] TRACE o.h.t.descriptor.sql.BasicExtractor - found [null] as column [YWATT29_23_0_]
 - 2017-01-26 13:34:35 [main] TRACE o.h.t.descriptor.sql.BasicExtractor - found [null] as column [YWATT30_23_0_]
 - 2017-01-26 13:34:35 [main] TRACE o.h.t.descriptor.sql.BasicExtractor - found [null] as column [YWATT31_23_0_]
 - 2017-01-26 13:34:35 [main] TRACE o.h.t.descriptor.sql.BasicExtractor - found [null] as column [YWATT32_23_0_]
 - 2017-01-26 13:34:35 [main] TRACE o.h.t.descriptor.sql.BasicExtractor - found [null] as column [YWATT33_23_0_]
 - 2017-01-26 13:34:35 [main] TRACE o.h.t.descriptor.sql.BasicExtractor - found [null] as column [YWATT34_23_0_]
 - 2017-01-26 13:34:35 [main] TRACE o.h.t.descriptor.sql.BasicExtractor - found [null] as column [YWATT35_23_0_]
 - 2017-01-26 13:34:35 [main] TRACE o.h.t.descriptor.sql.BasicExtractor - found [null] as column [YWATT36_23_0_]
 - 2017-01-26 13:34:35 [main] TRACE o.h.t.descriptor.sql.BasicExtractor - found [null] as column [YWATT37_23_0_]
 - 2017-01-26 13:34:35 [main] TRACE o.h.t.descriptor.sql.BasicExtractor - found [null] as column [YWATT38_23_0_]
 - 2017-01-26 13:34:35 [main] TRACE o.h.t.descriptor.sql.BasicExtractor - found [null] as column [YWATT39_23_0_]
 - 2017-01-26 13:34:35 [main] TRACE o.h.t.descriptor.sql.BasicExtractor - found [null] as column [YWATT40_23_0_]
 - 2017-01-26 13:34:35 [main] TRACE o.h.t.descriptor.sql.BasicExtractor - found [null] as column [YWATT41_23_0_]
 - 2017-01-26 13:34:35 [main] TRACE o.h.t.descriptor.sql.BasicExtractor - found [null] as column [YWATT42_23_0_]
 - 2017-01-26 13:34:35 [main] TRACE o.h.t.descriptor.sql.BasicExtractor - found [null] as column [YWATT43_23_0_]
 - 2017-01-26 13:34:35 [main] TRACE o.h.t.descriptor.sql.BasicExtractor - found [null] as column [YWATT44_23_0_]
 - 2017-01-26 13:34:35 [main] TRACE o.h.t.descriptor.sql.BasicExtractor - found [null] as column [YWATT45_23_0_]
 - 2017-01-26 13:34:35 [main] TRACE o.h.t.descriptor.sql.BasicExtractor - found [null] as column [YWATT46_23_0_]
 - 2017-01-26 13:34:35 [main] TRACE o.h.t.descriptor.sql.BasicExtractor - found [2016-11-30 00:00:00.0] as column [YWATT47_23_0_]
 - 2017-01-26 13:34:35 [main] TRACE o.h.t.descriptor.sql.BasicExtractor - found [2016-11-30 00:00:00.0] as column [YWATT48_23_0_]
 - 2017-01-26 13:34:35 [main] TRACE o.h.t.descriptor.sql.BasicExtractor - found [Paola Greco] as column [YWATT49_23_0_]
 - 2017-01-26 13:36:23 [main] DEBUG org.hibernate.SQL - select this_.YWATT_COD_ATTIVITA_PK as YWATT1_23_0_, this_.YWATT_YWAVA_COD_AVA_PK as YWATT2_23_0_, this_.YWATT_YWSER_COD_SER_PK as YWATT3_23_0_, this_.YWATT_YWTCN_COD_TIPOCONT_PK as YWATT4_23_0_, this_.YWATT_COD_WBSCOGE as YWATT5_23_0_, this_.YWATT_COD_INTERVENTO as YWATT6_23_0_, this_.YWATT_DESCS_AREACONTR as YWATT7_23_0_, this_.YWATT_DESCS_AREAAPP as YWATT8_23_0_, this_.YWATT_DESCS_AREAINPS as YWATT9_23_0_, this_.YWATT_DENOM_AMBAPP as YWATT10_23_0_, this_.YWATT_COD_DIREZIONE as YWATT11_23_0_, this_.YWATT_DENOM_LINEAINT as YWATT12_23_0_, this_.YWATT_DESCS_AMBFUNZ as YWATT13_23_0_, this_.YWATT_COD_PIANOFORN as YWATT14_23_0_, this_.YWATT_COD_GECOSSU as YWATT15_23_0_, this_.YWATT_DESCS_NMSCHEDA as YWATT16_23_0_, this_.YWATT_DESCR_PROGETTO as YWATT17_23_0_, this_.YWATT_DENOM_RESPINPS as YWATT18_23_0_, this_.YWATT_DENOM_REFINPS as YWATT19_23_0_, this_.YWATT_DESCS_SERVIZIO as YWATT20_23_0_, this_.YWATT_DENOM_TIPSERV as YWATT21_23_0_, this_.YWATT_DENOM_CAPPRG as YWATT22_23_0_, this_.YWATT_DENOM_CAPPRGRIF as YWATT23_23_0_, this_.YWATT_COD_STATOLAV as YWATT24_23_0_, this_.YWATT_DATA_APERTSSU as YWATT25_23_0_, this_.YWATT_DATA_CHIUSSSU as YWATT26_23_0_, this_.YWATT_DATA_RIPIANWBS as YWATT27_23_0_, this_.YWATT_NUM_SEMATTIVAZ as YWATT28_23_0_, this_.YWATT_DATA_CONSRQPIAN as YWATT29_23_0_, this_.YWATT_DATA_CONSRQEFF as YWATT30_23_0_, this_.YWATT_DATA_COLLPIAN as YWATT31_23_0_, this_.YWATT_DATA_COLLEFF as YWATT32_23_0_, this_.YWATT_DATA_INIZCOLL as YWATT33_23_0_, this_.YWATT_DATA_FINECOLL as YWATT34_23_0_, this_.YWATT_DATA_AVVESEEFF as YWATT35_23_0_, this_.YWATT_COD_TIPOINT as YWATT36_23_0_, this_.YWATT_NOTE_TECNICHE as YWATT37_23_0_, this_.YWATT_NOTE_GENERALI as YWATT38_23_0_, this_.YWATT_DESCR_SCADIST as YWATT39_23_0_, this_.YWATT_NUM_ID as YWATT40_23_0_, this_.YWATT_NUM_PRIORITA as YWATT41_23_0_, this_.YWATT_DESCS_MACROATT as YWATT42_23_0_, this_.YWATT_DESCS_PRESCOGE as YWATT43_23_0_, this_.YWATT_DATA_SAL as YWATT44_23_0_, this_.YWATT_IMP_CONSUNTIVO as YWATT45_23_0_, this_.YWATT_PERC_FASECONS as YWATT46_23_0_, this_.YWATT_DATA_CREAZ as YWATT47_23_0_, this_.YWATT_DATA_UPDATE as YWATT48_23_0_, this_.YWATT_COD_USER as YWATT49_23_0_ from yw_ecl_esercizio.tb_ywatt_attivita_cl this_
 - 2017-01-26 14:02:43 [main] DEBUG org.hibernate.SQL - select this_.YWATT_COD_ATTIVITA_PK as YWATT1_1_0_, this_.YWATT_YWAVA_COD_AVA_PK as YWATT2_1_0_, this_.YWATT_YWSER_COD_SER_PK as YWATT3_1_0_, this_.YWATT_YWTCN_COD_TIPOCONT_PK as YWATT4_1_0_, this_.YWATT_COD_WBSCOGE as YWATT5_1_0_, this_.YWATT_COD_INTERVENTO as YWATT6_1_0_, this_.YWATT_DESCS_AREACONTR as YWATT7_1_0_, this_.YWATT_DESCS_AREAAPP as YWATT8_1_0_, this_.YWATT_DESCS_AREAINPS as YWATT9_1_0_, this_.YWATT_DENOM_AMBAPP as YWATT10_1_0_, this_.YWATT_COD_DIREZIONE as YWATT11_1_0_, this_.YWATT_DENOM_LINEAINT as YWATT12_1_0_, this_.YWATT_DESCS_AMBFUNZ as YWATT13_1_0_, this_.YWATT_COD_PIANOFORN as YWATT14_1_0_, this_.YWATT_COD_GECOSSU as YWATT15_1_0_, this_.YWATT_DESCS_NMSCHEDA as YWATT16_1_0_, this_.YWATT_DESCR_PROGETTO as YWATT17_1_0_, this_.YWATT_DENOM_RESPINPS as YWATT18_1_0_, this_.YWATT_DENOM_REFINPS as YWATT19_1_0_, this_.YWATT_DESCS_SERVIZIO as YWATT20_1_0_, this_.YWATT_DENOM_TIPSERV as YWATT21_1_0_, this_.YWATT_DENOM_CAPPRG as YWATT22_1_0_, this_.YWATT_DENOM_CAPPRGRIF as YWATT23_1_0_, this_.YWATT_COD_STATOLAV as YWATT24_1_0_, this_.YWATT_DATA_APERTSSU as YWATT25_1_0_, this_.YWATT_DATA_CHIUSSSU as YWATT26_1_0_, this_.YWATT_DATA_RIPIANWBS as YWATT27_1_0_, this_.YWATT_NUM_SEMATTIVAZ as YWATT28_1_0_, this_.YWATT_DATA_CONSRQPIAN as YWATT29_1_0_, this_.YWATT_DATA_CONSRQEFF as YWATT30_1_0_, this_.YWATT_DATA_COLLPIAN as YWATT31_1_0_, this_.YWATT_DATA_COLLEFF as YWATT32_1_0_, this_.YWATT_DATA_INIZCOLL as YWATT33_1_0_, this_.YWATT_DATA_FINECOLL as YWATT34_1_0_, this_.YWATT_DATA_AVVESEEFF as YWATT35_1_0_, this_.YWATT_COD_TIPOINT as YWATT36_1_0_, this_.YWATT_NOTE_TECNICHE as YWATT37_1_0_, this_.YWATT_NOTE_GENERALI as YWATT38_1_0_, this_.YWATT_DESCR_SCADIST as YWATT39_1_0_, this_.YWATT_NUM_ID as YWATT40_1_0_, this_.YWATT_NUM_PRIORITA as YWATT41_1_0_, this_.YWATT_DESCS_MACROATT as YWATT42_1_0_, this_.YWATT_DESCS_PRESCOGE as YWATT43_1_0_, this_.YWATT_DATA_SAL as YWATT44_1_0_, this_.YWATT_IMP_CONSUNTIVO as YWATT45_1_0_, this_.YWATT_PERC_FASECONS as YWATT46_1_0_, this_.YWATT_DATA_CREAZ as YWATT47_1_0_, this_.YWATT_DATA_UPDATE as YWATT48_1_0_, this_.YWATT_COD_USER as YWATT49_1_0_ from yw_ecl_esercizio.tb_ywatt_attivita_cl this_
 - 2017-01-26 14:03:02 [main] DEBUG org.hibernate.SQL - select this_.YWATT_COD_ATTIVITA_PK as YWATT1_23_0_, this_.YWATT_YWAVA_COD_AVA_PK as YWATT2_23_0_, this_.YWATT_YWSER_COD_SER_PK as YWATT3_23_0_, this_.YWATT_YWTCN_COD_TIPOCONT_PK as YWATT4_23_0_, this_.YWATT_COD_WBSCOGE as YWATT5_23_0_, this_.YWATT_COD_INTERVENTO as YWATT6_23_0_, this_.YWATT_DESCS_AREACONTR as YWATT7_23_0_, this_.YWATT_DESCS_AREAAPP as YWATT8_23_0_, this_.YWATT_DESCS_AREAINPS as YWATT9_23_0_, this_.YWATT_DENOM_AMBAPP as YWATT10_23_0_, this_.YWATT_COD_DIREZIONE as YWATT11_23_0_, this_.YWATT_DENOM_LINEAINT as YWATT12_23_0_, this_.YWATT_DESCS_AMBFUNZ as YWATT13_23_0_, this_.YWATT_COD_PIANOFORN as YWATT14_23_0_, this_.YWATT_COD_GECOSSU as YWATT15_23_0_, this_.YWATT_DESCS_NMSCHEDA as YWATT16_23_0_, this_.YWATT_DESCR_PROGETTO as YWATT17_23_0_, this_.YWATT_DENOM_RESPINPS as YWATT18_23_0_, this_.YWATT_DENOM_REFINPS as YWATT19_23_0_, this_.YWATT_DESCS_SERVIZIO as YWATT20_23_0_, this_.YWATT_DENOM_TIPSERV as YWATT21_23_0_, this_.YWATT_DENOM_CAPPRG as YWATT22_23_0_, this_.YWATT_DENOM_CAPPRGRIF as YWATT23_23_0_, this_.YWATT_COD_STATOLAV as YWATT24_23_0_, this_.YWATT_DATA_APERTSSU as YWATT25_23_0_, this_.YWATT_DATA_CHIUSSSU as YWATT26_23_0_, this_.YWATT_DATA_RIPIANWBS as YWATT27_23_0_, this_.YWATT_NUM_SEMATTIVAZ as YWATT28_23_0_, this_.YWATT_DATA_CONSRQPIAN as YWATT29_23_0_, this_.YWATT_DATA_CONSRQEFF as YWATT30_23_0_, this_.YWATT_DATA_COLLPIAN as YWATT31_23_0_, this_.YWATT_DATA_COLLEFF as YWATT32_23_0_, this_.YWATT_DATA_INIZCOLL as YWATT33_23_0_, this_.YWATT_DATA_FINECOLL as YWATT34_23_0_, this_.YWATT_DATA_AVVESEEFF as YWATT35_23_0_, this_.YWATT_COD_TIPOINT as YWATT36_23_0_, this_.YWATT_NOTE_TECNICHE as YWATT37_23_0_, this_.YWATT_NOTE_GENERALI as YWATT38_23_0_, this_.YWATT_DESCR_SCADIST as YWATT39_23_0_, this_.YWATT_NUM_ID as YWATT40_23_0_, this_.YWATT_NUM_PRIORITA as YWATT41_23_0_, this_.YWATT_DESCS_MACROATT as YWATT42_23_0_, this_.YWATT_DESCS_PRESCOGE as YWATT43_23_0_, this_.YWATT_DATA_SAL as YWATT44_23_0_, this_.YWATT_IMP_CONSUNTIVO as YWATT45_23_0_, this_.YWATT_PERC_FASECONS as YWATT46_23_0_, this_.YWATT_DATA_CREAZ as YWATT47_23_0_, this_.YWATT_DATA_UPDATE as YWATT48_23_0_, this_.YWATT_COD_USER as YWATT49_23_0_ from yw_ecl_esercizio.tb_ywatt_attivita_cl this_
 - 